Start testing: Mar 31 20:59 CST
----------------------------------------------------------
1/23 Testing: common_routing_algorithms_test
1/23 Test: common_routing_algorithms_test
Command: "/home/marrascout/libsnark/libsnark/build/libsnark/common_routing_algorithms_test"
Directory: /home/marrascout/libsnark/libsnark/build/libsnark
"common_routing_algorithms_test" start time: Mar 31 20:59 CST
Output:
----------------------------------------------------------
Reset time counters for profiling
(enter) Test routing algorithms            	[             ]	(0.0000s x0.77 from start)
  (enter) Test Benes network routing algorithm	[             ]	(0.0001s x0.99 from start)
    * for all permutations on 8 elements
  (leave) Test Benes network routing algorithm	[0.0925s x1.00]	(0.0925s x1.00 from start)
  (enter) Test AS-Waksman network routing algorithm	[             ]	(0.0926s x1.00 from start)
    * for all permutations on 2 elements
    * for all permutations on 3 elements
    * for all permutations on 4 elements
    * for all permutations on 5 elements
    * for all permutations on 6 elements
    * for all permutations on 7 elements
    * for all permutations on 8 elements
    * for all permutations on 9 elements
  (leave) Test AS-Waksman network routing algorithm	[0.6640s x1.00]	(0.7566s x1.00 from start)
(leave) Test routing algorithms            	[0.7566s x1.00]	(0.7567s x1.00 from start)
<end of output>
Test time =   0.76 sec
----------------------------------------------------------
Test Passed.
"common_routing_algorithms_test" end time: Mar 31 20:59 CST
"common_routing_algorithms_test" time elapsed: 00:00:00
----------------------------------------------------------

2/23 Testing: gadgetlib1_simple_test
2/23 Test: gadgetlib1_simple_test
Command: "/home/marrascout/libsnark/libsnark/build/libsnark/gadgetlib1_simple_test"
Directory: /home/marrascout/libsnark/libsnark/build/libsnark
"gadgetlib1_simple_test" start time: Mar 31 20:59 CST
Output:
----------------------------------------------------------
[==========] Running 1 test from 1 test case.
[----------] Global test environment set-up.
[----------] 1 test from gadgetLib1
[ RUN      ] gadgetLib1.Integration
(enter) Call to run_r1cs_ppzksnark         	[             ]	(1585659567.8992s x0.00 from start)

================================================================================
R1CS ppzkSNARK Generator
================================================================================

  (enter) Call to r1cs_ppzksnark_generator   	[             ]	(1585659567.8993s x0.00 from start)
    (enter) Call to r1cs_constraint_system::swap_AB_if_beneficial	[             ]	(1585659567.8993s x0.00 from start)
      (enter) Estimate densities                 	[             ]	(1585659567.8993s x0.00 from start)
        * Non-zero A-count (estimate): 99
        * Non-zero B-count (estimate): 99
      (leave) Estimate densities                 	[0.0000s x1.04]	(1585659567.8993s x0.00 from start)
      Swap is not beneficial, not performing
    (leave) Call to r1cs_constraint_system::swap_AB_if_beneficial	[0.0000s x1.01]	(1585659567.8993s x0.00 from start)
    (enter) Call to r1cs_to_qap_instance_map_with_evaluation	[             ]	(1585659567.8993s x0.00 from start)
      (enter) Compute evaluations of A, B, C, H at t	[             ]	(1585659567.8993s x0.00 from start)
      (leave) Compute evaluations of A, B, C, H at t	[0.0003s x1.00]	(1585659567.8997s x0.00 from start)
    (leave) Call to r1cs_to_qap_instance_map_with_evaluation	[0.0004s x1.00]	(1585659567.8997s x0.00 from start)
    * QAP number of variables: 297
    * QAP pre degree: 99
    * QAP degree: 128
    * QAP number of input variables: 0
    (enter) Compute query densities            	[             ]	(1585659567.8997s x0.00 from start)
    (leave) Compute query densities            	[0.0000s x1.04]	(1585659567.8997s x0.00 from start)
    Choosing window size 8 for 927 elements
    Choosing window size 5 for 99 elements
    * G1 window: 8
    * G2 window: 5
    (enter) Generating G1 multiexp table       	[             ]	(1585659567.8998s x0.00 from start)
    (leave) Generating G1 multiexp table       	[0.0034s x1.00]	(1585659567.9031s x0.00 from start)
    (enter) Generating G2 multiexp table       	[             ]	(1585659567.9031s x0.00 from start)
    (leave) Generating G2 multiexp table       	[0.0019s x1.00]	(1585659567.9050s x0.00 from start)
    (enter) Generate R1CS proving key          	[             ]	(1585659567.9050s x0.00 from start)
      (enter) Generate knowledge commitments     	[             ]	(1585659567.9051s x0.00 from start)
        (enter) Compute the A-query                	[             ]	(1585659567.9051s x0.00 from start)
        Non-zero coordinate count: 100/299 (33.44%)
        (leave) Compute the A-query                	[0.0028s x0.99]	(1585659567.9078s x0.00 from start)
        (enter) Compute the B-query                	[             ]	(1585659567.9078s x0.00 from start)
        Non-zero coordinate count: 100/299 (33.44%)
        (leave) Compute the B-query                	[0.0067s x1.00]	(1585659567.9145s x0.00 from start)
        (enter) Compute the C-query                	[             ]	(1585659567.9146s x0.00 from start)
        Non-zero coordinate count: 100/299 (33.44%)
        (leave) Compute the C-query                	[0.0027s x1.00]	(1585659567.9173s x0.00 from start)
        (enter) Compute the H-query                	[             ]	(1585659567.9173s x0.00 from start)
        . DONE!
        (leave) Compute the H-query                	[0.0017s x1.00]	(1585659567.9191s x0.00 from start)
        (enter) Compute the K-query                	[             ]	(1585659567.9191s x0.00 from start)
        . DONE!
        (leave) Compute the K-query                	[0.0040s x1.00]	(1585659567.9231s x0.00 from start)
      (leave) Generate knowledge commitments     	[0.0181s x1.00]	(1585659567.9231s x0.00 from start)
    (leave) Generate R1CS proving key          	[0.0181s x1.00]	(1585659567.9231s x0.00 from start)
    (enter) Generate R1CS verification key     	[             ]	(1585659567.9231s x0.00 from start)
      (enter) Encode IC query for R1CS verification key	[             ]	(1585659567.9244s x0.00 from start)
         DONE!
      (leave) Encode IC query for R1CS verification key	[0.0001s x1.00]	(1585659567.9245s x0.00 from start)
    (leave) Generate R1CS verification key     	[0.0014s x1.00]	(1585659567.9246s x0.00 from start)
  (leave) Call to r1cs_ppzksnark_generator   	[0.0253s x1.00]	(1585659567.9246s x0.00 from start)
  * G1 elements in PK: 1925
  * Non-zero G1 elements in PK: 930
  * G2 elements in PK: 299
  * Non-zero G2 elements in PK: 100
  * PK size in bits: 307250
  * G1 elements in VK: 2
  * G2 elements in VK: 5
  * VK size in bits: 3310

  * Peak vsize (physical memory+swap) in mebibytes (after generator): 38

================================================================================
Preprocess verification key
================================================================================

  (enter) Call to r1cs_ppzksnark_verifier_process_vk	[             ]	(1585659567.9246s x0.00 from start)
    (enter) Call to bn128_ate_precompute_G2    	[             ]	(1585659567.9246s x0.00 from start)
    (leave) Call to bn128_ate_precompute_G2    	[0.0001s x1.00]	(1585659567.9247s x0.00 from start)
    (enter) Call to bn128_ate_precompute_G2    	[             ]	(1585659567.9247s x0.00 from start)
    (leave) Call to bn128_ate_precompute_G2    	[0.0001s x1.00]	(1585659567.9248s x0.00 from start)
    (enter) Call to bn128_ate_precompute_G1    	[             ]	(1585659567.9248s x0.00 from start)
    (leave) Call to bn128_ate_precompute_G1    	[0.0000s x0.94]	(1585659567.9248s x0.00 from start)
    (enter) Call to bn128_ate_precompute_G2    	[             ]	(1585659567.9248s x0.00 from start)
    (leave) Call to bn128_ate_precompute_G2    	[0.0001s x1.00]	(1585659567.9249s x0.00 from start)
    (enter) Call to bn128_ate_precompute_G2    	[             ]	(1585659567.9249s x0.00 from start)
    (leave) Call to bn128_ate_precompute_G2    	[0.0001s x1.00]	(1585659567.9249s x0.00 from start)
    (enter) Call to bn128_ate_precompute_G2    	[             ]	(1585659567.9249s x0.00 from start)
    (leave) Call to bn128_ate_precompute_G2    	[0.0001s x1.00]	(1585659567.9250s x0.00 from start)
    (enter) Call to bn128_ate_precompute_G1    	[             ]	(1585659567.9250s x0.00 from start)
    (leave) Call to bn128_ate_precompute_G1    	[0.0000s x1.04]	(1585659567.9250s x0.00 from start)
    (enter) Call to bn128_ate_precompute_G2    	[             ]	(1585659567.9250s x0.00 from start)
    (leave) Call to bn128_ate_precompute_G2    	[0.0001s x1.00]	(1585659567.9250s x0.00 from start)
  (leave) Call to r1cs_ppzksnark_verifier_process_vk	[0.0004s x1.00]	(1585659567.9251s x0.00 from start)

================================================================================
R1CS ppzkSNARK Prover
================================================================================

  (enter) Call to r1cs_ppzksnark_prover      	[             ]	(1585659567.9251s x0.00 from start)
    (enter) Compute the polynomial H           	[             ]	(1585659567.9251s x0.00 from start)
      (enter) Call to r1cs_to_qap_witness_map    	[             ]	(1585659567.9251s x0.00 from start)
        (enter) Compute evaluation of polynomials A, B on set S	[             ]	(1585659567.9251s x0.00 from start)
        (leave) Compute evaluation of polynomials A, B on set S	[0.0000s x1.01]	(1585659567.9251s x0.00 from start)
        (enter) Compute coefficients of polynomial A	[             ]	(1585659567.9251s x0.00 from start)
        (leave) Compute coefficients of polynomial A	[0.0001s x1.01]	(1585659567.9252s x0.00 from start)
        (enter) Compute coefficients of polynomial B	[             ]	(1585659567.9252s x0.00 from start)
        (leave) Compute coefficients of polynomial B	[0.0001s x1.00]	(1585659567.9253s x0.00 from start)
        (enter) Compute ZK-patch                   	[             ]	(1585659567.9253s x0.00 from start)
        (leave) Compute ZK-patch                   	[0.0000s x1.04]	(1585659567.9253s x0.00 from start)
        (enter) Compute evaluation of polynomial A on set T	[             ]	(1585659567.9253s x0.00 from start)
        (leave) Compute evaluation of polynomial A on set T	[0.0001s x1.00]	(1585659567.9254s x0.00 from start)
        (enter) Compute evaluation of polynomial B on set T	[             ]	(1585659567.9254s x0.00 from start)
        (leave) Compute evaluation of polynomial B on set T	[0.0001s x1.00]	(1585659567.9254s x0.00 from start)
        (enter) Compute evaluation of polynomial H on set T	[             ]	(1585659567.9254s x0.00 from start)
          (enter) Compute evaluation of polynomial C on set S	[             ]	(1585659567.9254s x0.00 from start)
          (leave) Compute evaluation of polynomial C on set S	[0.0000s x1.03]	(1585659567.9255s x0.00 from start)
          (enter) Compute coefficients of polynomial C	[             ]	(1585659567.9255s x0.00 from start)
          (leave) Compute coefficients of polynomial C	[0.0001s x1.00]	(1585659567.9255s x0.00 from start)
          (enter) Compute evaluation of polynomial C on set T	[             ]	(1585659567.9255s x0.00 from start)
          (leave) Compute evaluation of polynomial C on set T	[0.0001s x1.02]	(1585659567.9256s x0.00 from start)
          (enter) Divide by Z on set T               	[             ]	(1585659567.9256s x0.00 from start)
          (leave) Divide by Z on set T               	[0.0000s x1.00]	(1585659567.9256s x0.00 from start)
        (leave) Compute evaluation of polynomial H on set T	[0.0002s x1.00]	(1585659567.9257s x0.00 from start)
        (enter) Compute coefficients of polynomial H	[             ]	(1585659567.9257s x0.00 from start)
        (leave) Compute coefficients of polynomial H	[0.0001s x1.01]	(1585659567.9257s x0.00 from start)
        (enter) Compute sum of H and ZK-patch      	[             ]	(1585659567.9257s x0.00 from start)
        (leave) Compute sum of H and ZK-patch      	[0.0000s x1.00]	(1585659567.9257s x0.00 from start)
      (leave) Call to r1cs_to_qap_witness_map    	[0.0007s x1.00]	(1585659567.9257s x0.00 from start)
    (leave) Compute the polynomial H           	[0.0007s x1.00]	(1585659567.9257s x0.00 from start)
    (enter) Compute the proof                  	[             ]	(1585659567.9267s x0.00 from start)
      (enter) Compute answer to A-query          	[             ]	(1585659567.9267s x0.00 from start)
      (enter) Process scalar vector              	[             ]	(1585659567.9267s x0.00 from start)
        * Elements of w skipped: 0 (0.00%)
        * Elements of w processed with special addition: 0 (0.00%)
        * Elements of w remaining: 99 (100.00%)
      (leave) Process scalar vector              	[0.0000s x1.03]	(1585659567.9267s x0.00 from start)
      (leave) Compute answer to A-query          	[0.0038s x1.00]	(1585659567.9305s x0.00 from start)
      (enter) Compute answer to B-query          	[             ]	(1585659567.9305s x0.00 from start)
      (enter) Process scalar vector              	[             ]	(1585659567.9306s x0.00 from start)
        * Elements of w skipped: 0 (0.00%)
        * Elements of w processed with special addition: 0 (0.00%)
        * Elements of w remaining: 99 (100.00%)
      (leave) Process scalar vector              	[0.0000s x1.01]	(1585659567.9306s x0.00 from start)
      (leave) Compute answer to B-query          	[0.0069s x0.99]	(1585659567.9374s x0.00 from start)
      (enter) Compute answer to C-query          	[             ]	(1585659567.9375s x0.00 from start)
      (enter) Process scalar vector              	[             ]	(1585659567.9375s x0.00 from start)
        * Elements of w skipped: 0 (0.00%)
        * Elements of w processed with special addition: 0 (0.00%)
        * Elements of w remaining: 99 (100.00%)
      (leave) Process scalar vector              	[0.0000s x1.01]	(1585659567.9375s x0.00 from start)
      (leave) Compute answer to C-query          	[0.0037s x1.00]	(1585659567.9412s x0.00 from start)
      (enter) Compute answer to H-query          	[             ]	(1585659567.9412s x0.00 from start)
      (leave) Compute answer to H-query          	[0.0048s x1.00]	(1585659567.9460s x0.00 from start)
      (enter) Compute answer to K-query          	[             ]	(1585659567.9461s x0.00 from start)
      (enter) Process scalar vector              	[             ]	(1585659567.9461s x0.00 from start)
        * Elements of w skipped: 0 (0.00%)
        * Elements of w processed with special addition: 0 (0.00%)
        * Elements of w remaining: 297 (100.00%)
      (leave) Process scalar vector              	[0.0000s x1.03]	(1585659567.9461s x0.00 from start)
      (leave) Compute answer to K-query          	[0.0049s x1.00]	(1585659567.9510s x0.00 from start)
    (leave) Compute the proof                  	[0.0244s x1.00]	(1585659567.9510s x0.00 from start)
  (leave) Call to r1cs_ppzksnark_prover      	[0.0260s x1.00]	(1585659567.9510s x0.00 from start)
  * G1 elements in proof: 7
  * G2 elements in proof: 1
  * Proof size in bits: 2294

  * Peak vsize (physical memory+swap) in mebibytes (after prover): 38

================================================================================
R1CS ppzkSNARK Verifier
================================================================================

  (enter) Call to r1cs_ppzksnark_verifier_strong_IC	[             ]	(1585659567.9511s x0.00 from start)
    (enter) Call to r1cs_ppzksnark_verifier_process_vk	[             ]	(1585659567.9511s x0.00 from start)
      (enter) Call to bn128_ate_precompute_G2    	[             ]	(1585659567.9511s x0.00 from start)
      (leave) Call to bn128_ate_precompute_G2    	[0.0001s x1.01]	(1585659567.9511s x0.00 from start)
      (enter) Call to bn128_ate_precompute_G2    	[             ]	(1585659567.9511s x0.00 from start)
      (leave) Call to bn128_ate_precompute_G2    	[0.0001s x1.00]	(1585659567.9512s x0.00 from start)
      (enter) Call to bn128_ate_precompute_G1    	[             ]	(1585659567.9512s x0.00 from start)
      (leave) Call to bn128_ate_precompute_G1    	[0.0000s x1.00]	(1585659567.9512s x0.00 from start)
      (enter) Call to bn128_ate_precompute_G2    	[             ]	(1585659567.9512s x0.00 from start)
      (leave) Call to bn128_ate_precompute_G2    	[0.0001s x1.00]	(1585659567.9513s x0.00 from start)
      (enter) Call to bn128_ate_precompute_G2    	[             ]	(1585659567.9513s x0.00 from start)
      (leave) Call to bn128_ate_precompute_G2    	[0.0001s x1.00]	(1585659567.9513s x0.00 from start)
      (enter) Call to bn128_ate_precompute_G2    	[             ]	(1585659567.9514s x0.00 from start)
      (leave) Call to bn128_ate_precompute_G2    	[0.0001s x1.00]	(1585659567.9514s x0.00 from start)
      (enter) Call to bn128_ate_precompute_G1    	[             ]	(1585659567.9514s x0.00 from start)
      (leave) Call to bn128_ate_precompute_G1    	[0.0000s x0.99]	(1585659567.9514s x0.00 from start)
      (enter) Call to bn128_ate_precompute_G2    	[             ]	(1585659567.9514s x0.00 from start)
      (leave) Call to bn128_ate_precompute_G2    	[0.0001s x1.00]	(1585659567.9515s x0.00 from start)
    (leave) Call to r1cs_ppzksnark_verifier_process_vk	[0.0004s x1.00]	(1585659567.9515s x0.00 from start)
    (enter) Call to r1cs_ppzksnark_online_verifier_strong_IC	[             ]	(1585659567.9515s x0.00 from start)
      (enter) Call to r1cs_ppzksnark_online_verifier_weak_IC	[             ]	(1585659567.9515s x0.00 from start)
        (enter) Compute input-dependent part of A  	[             ]	(1585659567.9515s x0.00 from start)
        (leave) Compute input-dependent part of A  	[0.0000s x1.06]	(1585659567.9515s x0.00 from start)
        (enter) Check if the proof is well-formed  	[             ]	(1585659567.9515s x0.00 from start)
        (leave) Check if the proof is well-formed  	[0.0000s x1.10]	(1585659567.9515s x0.00 from start)
        (enter) Online pairing computations        	[             ]	(1585659567.9515s x0.00 from start)
          (enter) Check knowledge commitment for A is valid	[             ]	(1585659567.9515s x0.00 from start)
            (enter) Call to bn128_ate_precompute_G1    	[             ]	(1585659567.9515s x0.00 from start)
            (leave) Call to bn128_ate_precompute_G1    	[0.0000s x1.04]	(1585659567.9515s x0.00 from start)
            (enter) Call to bn128_ate_precompute_G1    	[             ]	(1585659567.9515s x0.00 from start)
            (leave) Call to bn128_ate_precompute_G1    	[0.0000s x1.03]	(1585659567.9515s x0.00 from start)
            (enter) Call to miller_loop<bn128_pp>      	[             ]	(1585659567.9515s x0.00 from start)
            (leave) Call to miller_loop<bn128_pp>      	[0.0001s x1.00]	(1585659567.9517s x0.00 from start)
            (enter) Call to miller_loop<bn128_pp>      	[             ]	(1585659567.9517s x0.00 from start)
            (leave) Call to miller_loop<bn128_pp>      	[0.0001s x1.00]	(1585659567.9518s x0.00 from start)
            (enter) Call to bn128_final_exponentiation 	[             ]	(1585659567.9518s x0.00 from start)
            (leave) Call to bn128_final_exponentiation 	[0.0002s x1.00]	(1585659567.9520s x0.00 from start)
          (leave) Check knowledge commitment for A is valid	[0.0005s x1.00]	(1585659567.9520s x0.00 from start)
          (enter) Check knowledge commitment for B is valid	[             ]	(1585659567.9520s x0.00 from start)
            (enter) Call to bn128_ate_precompute_G2    	[             ]	(1585659567.9520s x0.00 from start)
            (leave) Call to bn128_ate_precompute_G2    	[0.0001s x1.00]	(1585659567.9521s x0.00 from start)
            (enter) Call to bn128_ate_precompute_G1    	[             ]	(1585659567.9521s x0.00 from start)
            (leave) Call to bn128_ate_precompute_G1    	[0.0000s x0.98]	(1585659567.9521s x0.00 from start)
            (enter) Call to miller_loop<bn128_pp>      	[             ]	(1585659567.9521s x0.00 from start)
            (leave) Call to miller_loop<bn128_pp>      	[0.0001s x1.00]	(1585659567.9522s x0.00 from start)
            (enter) Call to miller_loop<bn128_pp>      	[             ]	(1585659567.9522s x0.00 from start)
            (leave) Call to miller_loop<bn128_pp>      	[0.0001s x1.00]	(1585659567.9524s x0.00 from start)
            (enter) Call to bn128_final_exponentiation 	[             ]	(1585659567.9524s x0.00 from start)
            (leave) Call to bn128_final_exponentiation 	[0.0002s x1.00]	(1585659567.9526s x0.00 from start)
          (leave) Check knowledge commitment for B is valid	[0.0005s x1.00]	(1585659567.9526s x0.00 from start)
          (enter) Check knowledge commitment for C is valid	[             ]	(1585659567.9526s x0.00 from start)
            (enter) Call to bn128_ate_precompute_G1    	[             ]	(1585659567.9526s x0.00 from start)
            (leave) Call to bn128_ate_precompute_G1    	[0.0000s x1.04]	(1585659567.9526s x0.00 from start)
            (enter) Call to bn128_ate_precompute_G1    	[             ]	(1585659567.9526s x0.00 from start)
            (leave) Call to bn128_ate_precompute_G1    	[0.0000s x1.02]	(1585659567.9526s x0.00 from start)
            (enter) Call to miller_loop<bn128_pp>      	[             ]	(1585659567.9526s x0.00 from start)
            (leave) Call to miller_loop<bn128_pp>      	[0.0001s x1.01]	(1585659567.9528s x0.00 from start)
            (enter) Call to miller_loop<bn128_pp>      	[             ]	(1585659567.9528s x0.00 from start)
            (leave) Call to miller_loop<bn128_pp>      	[0.0001s x1.00]	(1585659567.9529s x0.00 from start)
            (enter) Call to bn128_final_exponentiation 	[             ]	(1585659567.9529s x0.00 from start)
            (leave) Call to bn128_final_exponentiation 	[0.0002s x1.00]	(1585659567.9531s x0.00 from start)
          (leave) Check knowledge commitment for C is valid	[0.0005s x1.00]	(1585659567.9531s x0.00 from start)
          (enter) Check QAP divisibility             	[             ]	(1585659567.9531s x0.00 from start)
            (enter) Call to bn128_ate_precompute_G1    	[             ]	(1585659567.9531s x0.00 from start)
            (leave) Call to bn128_ate_precompute_G1    	[0.0000s x1.05]	(1585659567.9531s x0.00 from start)
            (enter) Call to bn128_ate_precompute_G1    	[             ]	(1585659567.9531s x0.00 from start)
            (leave) Call to bn128_ate_precompute_G1    	[0.0000s x1.04]	(1585659567.9531s x0.00 from start)
            (enter) Call to miller_loop<bn128_pp>      	[             ]	(1585659567.9531s x0.00 from start)
            (leave) Call to miller_loop<bn128_pp>      	[0.0001s x1.00]	(1585659567.9532s x0.00 from start)
            (enter) Call to double_miller_loop<bn128_pp>	[             ]	(1585659567.9533s x0.00 from start)
            (leave) Call to double_miller_loop<bn128_pp>	[0.0002s x1.00]	(1585659567.9535s x0.00 from start)
            (enter) Call to bn128_final_exponentiation 	[             ]	(1585659567.9535s x0.00 from start)
            (leave) Call to bn128_final_exponentiation 	[0.0002s x1.00]	(1585659567.9537s x0.00 from start)
          (leave) Check QAP divisibility             	[0.0006s x1.00]	(1585659567.9537s x0.00 from start)
          (enter) Check same coefficients were used  	[             ]	(1585659567.9537s x0.00 from start)
            (enter) Call to bn128_ate_precompute_G1    	[             ]	(1585659567.9537s x0.00 from start)
            (leave) Call to bn128_ate_precompute_G1    	[0.0000s x1.05]	(1585659567.9537s x0.00 from start)
            (enter) Call to bn128_ate_precompute_G1    	[             ]	(1585659567.9537s x0.00 from start)
            (leave) Call to bn128_ate_precompute_G1    	[0.0000s x1.03]	(1585659567.9537s x0.00 from start)
            (enter) Call to miller_loop<bn128_pp>      	[             ]	(1585659567.9537s x0.00 from start)
            (leave) Call to miller_loop<bn128_pp>      	[0.0001s x1.00]	(1585659567.9538s x0.00 from start)
            (enter) Call to double_miller_loop<bn128_pp>	[             ]	(1585659567.9538s x0.00 from start)
            (leave) Call to double_miller_loop<bn128_pp>	[0.0002s x1.00]	(1585659567.9540s x0.00 from start)
            (enter) Call to bn128_final_exponentiation 	[             ]	(1585659567.9540s x0.00 from start)
            (leave) Call to bn128_final_exponentiation 	[0.0002s x1.00]	(1585659567.9542s x0.00 from start)
          (leave) Check same coefficients were used  	[0.0006s x1.00]	(1585659567.9543s x0.00 from start)
        (leave) Online pairing computations        	[0.0027s x1.00]	(1585659567.9543s x0.00 from start)
      (leave) Call to r1cs_ppzksnark_online_verifier_weak_IC	[0.0028s x1.00]	(1585659567.9543s x0.00 from start)
    (leave) Call to r1cs_ppzksnark_online_verifier_strong_IC	[0.0028s x1.00]	(1585659567.9543s x0.00 from start)
  (leave) Call to r1cs_ppzksnark_verifier_strong_IC	[0.0032s x1.00]	(1585659567.9543s x0.00 from start)

  * Peak vsize (physical memory+swap) in mebibytes (after verifier): 38
* The verification result is: PASS

================================================================================
R1CS ppzkSNARK Online Verifier
================================================================================

  (enter) Call to r1cs_ppzksnark_online_verifier_strong_IC	[             ]	(1585659567.9543s x0.00 from start)
    (enter) Call to r1cs_ppzksnark_online_verifier_weak_IC	[             ]	(1585659567.9543s x0.00 from start)
      (enter) Compute input-dependent part of A  	[             ]	(1585659567.9543s x0.00 from start)
      (leave) Compute input-dependent part of A  	[0.0000s x1.13]	(1585659567.9543s x0.00 from start)
      (enter) Check if the proof is well-formed  	[             ]	(1585659567.9543s x0.00 from start)
      (leave) Check if the proof is well-formed  	[0.0000s x1.09]	(1585659567.9543s x0.00 from start)
      (enter) Online pairing computations        	[             ]	(1585659567.9543s x0.00 from start)
        (enter) Check knowledge commitment for A is valid	[             ]	(1585659567.9543s x0.00 from start)
          (enter) Call to bn128_ate_precompute_G1    	[             ]	(1585659567.9543s x0.00 from start)
          (leave) Call to bn128_ate_precompute_G1    	[0.0000s x1.05]	(1585659567.9543s x0.00 from start)
          (enter) Call to bn128_ate_precompute_G1    	[             ]	(1585659567.9543s x0.00 from start)
          (leave) Call to bn128_ate_precompute_G1    	[0.0000s x1.02]	(1585659567.9543s x0.00 from start)
          (enter) Call to miller_loop<bn128_pp>      	[             ]	(1585659567.9543s x0.00 from start)
          (leave) Call to miller_loop<bn128_pp>      	[0.0001s x1.00]	(1585659567.9544s x0.00 from start)
          (enter) Call to miller_loop<bn128_pp>      	[             ]	(1585659567.9545s x0.00 from start)
          (leave) Call to miller_loop<bn128_pp>      	[0.0001s x1.00]	(1585659567.9546s x0.00 from start)
          (enter) Call to bn128_final_exponentiation 	[             ]	(1585659567.9546s x0.00 from start)
          (leave) Call to bn128_final_exponentiation 	[0.0002s x1.00]	(1585659567.9548s x0.00 from start)
        (leave) Check knowledge commitment for A is valid	[0.0005s x1.00]	(1585659567.9548s x0.00 from start)
        (enter) Check knowledge commitment for B is valid	[             ]	(1585659567.9548s x0.00 from start)
          (enter) Call to bn128_ate_precompute_G2    	[             ]	(1585659567.9548s x0.00 from start)
          (leave) Call to bn128_ate_precompute_G2    	[0.0001s x1.01]	(1585659567.9549s x0.00 from start)
          (enter) Call to bn128_ate_precompute_G1    	[             ]	(1585659567.9549s x0.00 from start)
          (leave) Call to bn128_ate_precompute_G1    	[0.0000s x0.97]	(1585659567.9549s x0.00 from start)
          (enter) Call to miller_loop<bn128_pp>      	[             ]	(1585659567.9549s x0.00 from start)
          (leave) Call to miller_loop<bn128_pp>      	[0.0001s x1.00]	(1585659567.9550s x0.00 from start)
          (enter) Call to miller_loop<bn128_pp>      	[             ]	(1585659567.9550s x0.00 from start)
          (leave) Call to miller_loop<bn128_pp>      	[0.0001s x1.00]	(1585659567.9551s x0.00 from start)
          (enter) Call to bn128_final_exponentiation 	[             ]	(1585659567.9552s x0.00 from start)
          (leave) Call to bn128_final_exponentiation 	[0.0002s x1.00]	(1585659567.9554s x0.00 from start)
        (leave) Check knowledge commitment for B is valid	[0.0005s x1.00]	(1585659567.9554s x0.00 from start)
        (enter) Check knowledge commitment for C is valid	[             ]	(1585659567.9554s x0.00 from start)
          (enter) Call to bn128_ate_precompute_G1    	[             ]	(1585659567.9554s x0.00 from start)
          (leave) Call to bn128_ate_precompute_G1    	[0.0000s x1.01]	(1585659567.9554s x0.00 from start)
          (enter) Call to bn128_ate_precompute_G1    	[             ]	(1585659567.9554s x0.00 from start)
          (leave) Call to bn128_ate_precompute_G1    	[0.0000s x1.02]	(1585659567.9554s x0.00 from start)
          (enter) Call to miller_loop<bn128_pp>      	[             ]	(1585659567.9554s x0.00 from start)
          (leave) Call to miller_loop<bn128_pp>      	[0.0001s x1.00]	(1585659567.9555s x0.00 from start)
          (enter) Call to miller_loop<bn128_pp>      	[             ]	(1585659567.9555s x0.00 from start)
          (leave) Call to miller_loop<bn128_pp>      	[0.0001s x1.00]	(1585659567.9556s x0.00 from start)
          (enter) Call to bn128_final_exponentiation 	[             ]	(1585659567.9556s x0.00 from start)
          (leave) Call to bn128_final_exponentiation 	[0.0002s x1.00]	(1585659567.9558s x0.00 from start)
        (leave) Check knowledge commitment for C is valid	[0.0005s x1.00]	(1585659567.9559s x0.00 from start)
        (enter) Check QAP divisibility             	[             ]	(1585659567.9559s x0.00 from start)
          (enter) Call to bn128_ate_precompute_G1    	[             ]	(1585659567.9559s x0.00 from start)
          (leave) Call to bn128_ate_precompute_G1    	[0.0000s x1.03]	(1585659567.9559s x0.00 from start)
          (enter) Call to bn128_ate_precompute_G1    	[             ]	(1585659567.9559s x0.00 from start)
          (leave) Call to bn128_ate_precompute_G1    	[0.0000s x1.02]	(1585659567.9559s x0.00 from start)
          (enter) Call to miller_loop<bn128_pp>      	[             ]	(1585659567.9559s x0.00 from start)
          (leave) Call to miller_loop<bn128_pp>      	[0.0001s x1.00]	(1585659567.9560s x0.00 from start)
          (enter) Call to double_miller_loop<bn128_pp>	[             ]	(1585659567.9560s x0.00 from start)
          (leave) Call to double_miller_loop<bn128_pp>	[0.0002s x1.00]	(1585659567.9562s x0.00 from start)
          (enter) Call to bn128_final_exponentiation 	[             ]	(1585659567.9562s x0.00 from start)
          (leave) Call to bn128_final_exponentiation 	[0.0002s x1.00]	(1585659567.9564s x0.00 from start)
        (leave) Check QAP divisibility             	[0.0006s x1.00]	(1585659567.9564s x0.00 from start)
        (enter) Check same coefficients were used  	[             ]	(1585659567.9564s x0.00 from start)
          (enter) Call to bn128_ate_precompute_G1    	[             ]	(1585659567.9564s x0.00 from start)
          (leave) Call to bn128_ate_precompute_G1    	[0.0000s x1.01]	(1585659567.9564s x0.00 from start)
          (enter) Call to bn128_ate_precompute_G1    	[             ]	(1585659567.9564s x0.00 from start)
          (leave) Call to bn128_ate_precompute_G1    	[0.0000s x1.03]	(1585659567.9564s x0.00 from start)
          (enter) Call to miller_loop<bn128_pp>      	[             ]	(1585659567.9564s x0.00 from start)
          (leave) Call to miller_loop<bn128_pp>      	[0.0001s x1.00]	(1585659567.9566s x0.00 from start)
          (enter) Call to double_miller_loop<bn128_pp>	[             ]	(1585659567.9566s x0.00 from start)
          (leave) Call to double_miller_loop<bn128_pp>	[0.0002s x1.00]	(1585659567.9568s x0.00 from start)
          (enter) Call to bn128_final_exponentiation 	[             ]	(1585659567.9568s x0.00 from start)
          (leave) Call to bn128_final_exponentiation 	[0.0002s x1.00]	(1585659567.9570s x0.00 from start)
        (leave) Check same coefficients were used  	[0.0006s x1.00]	(1585659567.9570s x0.00 from start)
      (leave) Online pairing computations        	[0.0027s x1.00]	(1585659567.9570s x0.00 from start)
    (leave) Call to r1cs_ppzksnark_online_verifier_weak_IC	[0.0027s x1.00]	(1585659567.9570s x0.00 from start)
  (leave) Call to r1cs_ppzksnark_online_verifier_strong_IC	[0.0027s x1.00]	(1585659567.9570s x0.00 from start)

================================================================================
R1CS ppzkSNARK Affine Verifier
================================================================================

Affine verifier is not supported; not testing anything.
(leave) Call to run_r1cs_ppzksnark         	[0.0578s x1.00]	(1585659567.9570s x0.00 from start)
[       OK ] gadgetLib1.Integration (59 ms)
[----------] 1 test from gadgetLib1 (59 ms total)

[----------] Global test environment tear-down
[==========] 1 test from 1 test case ran. (59 ms total)
[  PASSED  ] 1 test.
<end of output>
Test time =   0.06 sec
----------------------------------------------------------
Test Passed.
"gadgetlib1_simple_test" end time: Mar 31 20:59 CST
"gadgetlib1_simple_test" time elapsed: 00:00:00
----------------------------------------------------------

3/23 Testing: gadgetlib1_r1cs_ppzksnark_verifier_gadget_test
3/23 Test: gadgetlib1_r1cs_ppzksnark_verifier_gadget_test
Command: "/home/marrascout/libsnark/libsnark/build/libsnark/gadgetlib1_r1cs_ppzksnark_verifier_gadget_test"
Directory: /home/marrascout/libsnark/libsnark/build/libsnark
"gadgetlib1_r1cs_ppzksnark_verifier_gadget_test" start time: Mar 31 20:59 CST
Output:
----------------------------------------------------------
Reset time counters for profiling
number of constraints for mnt4_Fp2_mul = 3
number of constraints for mnt4_Fp2_sqr = 2
number of constraints for mnt4_Fp4_mul = 7
number of constraints for mnt4_Fp4_sqr = 6
(enter) Call to mnt4_final_exponentiation  	[             ]	(0.0006s x1.00 from start)
  (enter) Call to mnt4_final_exponentiation_first_chunk	[             ]	(0.0006s x1.00 from start)
  (leave) Call to mnt4_final_exponentiation_first_chunk	[0.0000s x0.92]	(0.0006s x1.00 from start)
  (enter) Call to mnt4_final_exponentiation_first_chunk	[             ]	(0.0006s x1.00 from start)
  (leave) Call to mnt4_final_exponentiation_first_chunk	[0.0000s x1.03]	(0.0006s x1.00 from start)
  (enter) Call to mnt4_final_exponentiation_last_chunk	[             ]	(0.0006s x1.00 from start)
  (leave) Call to mnt4_final_exponentiation_last_chunk	[0.0002s x1.00]	(0.0008s x1.00 from start)
(leave) Call to mnt4_final_exponentiation  	[0.0002s x1.00]	(0.0008s x1.00 from start)
(enter) Call to mnt4_final_exponentiation  	[             ]	(0.0008s x1.00 from start)
  (enter) Call to mnt4_final_exponentiation_first_chunk	[             ]	(0.0008s x1.00 from start)
  (leave) Call to mnt4_final_exponentiation_first_chunk	[0.0000s x1.06]	(0.0008s x1.00 from start)
  (enter) Call to mnt4_final_exponentiation_first_chunk	[             ]	(0.0008s x1.00 from start)
  (leave) Call to mnt4_final_exponentiation_first_chunk	[0.0000s x1.04]	(0.0008s x1.00 from start)
  (enter) Call to mnt4_final_exponentiation_last_chunk	[             ]	(0.0008s x1.00 from start)
  (leave) Call to mnt4_final_exponentiation_last_chunk	[0.0002s x1.00]	(0.0010s x1.00 from start)
(leave) Call to mnt4_final_exponentiation  	[0.0002s x1.00]	(0.0010s x1.00 from start)
(enter) Call to mnt4_final_exponentiation  	[             ]	(0.0010s x1.00 from start)
  (enter) Call to mnt4_final_exponentiation_first_chunk	[             ]	(0.0010s x1.00 from start)
  (leave) Call to mnt4_final_exponentiation_first_chunk	[0.0000s x1.03]	(0.0010s x1.00 from start)
  (enter) Call to mnt4_final_exponentiation_first_chunk	[             ]	(0.0010s x1.00 from start)
  (leave) Call to mnt4_final_exponentiation_first_chunk	[0.0000s x1.02]	(0.0010s x1.00 from start)
  (enter) Call to mnt4_final_exponentiation_last_chunk	[             ]	(0.0010s x1.00 from start)
  (leave) Call to mnt4_final_exponentiation_last_chunk	[0.0002s x1.01]	(0.0012s x1.00 from start)
(leave) Call to mnt4_final_exponentiation  	[0.0002s x1.00]	(0.0012s x1.00 from start)
(enter) Call to mnt4_final_exponentiation  	[             ]	(0.0012s x1.00 from start)
  (enter) Call to mnt4_final_exponentiation_first_chunk	[             ]	(0.0012s x1.00 from start)
  (leave) Call to mnt4_final_exponentiation_first_chunk	[0.0000s x1.03]	(0.0012s x1.00 from start)
  (enter) Call to mnt4_final_exponentiation_first_chunk	[             ]	(0.0012s x1.00 from start)
  (leave) Call to mnt4_final_exponentiation_first_chunk	[0.0000s x1.02]	(0.0013s x1.00 from start)
  (enter) Call to mnt4_final_exponentiation_last_chunk	[             ]	(0.0013s x1.00 from start)
  (leave) Call to mnt4_final_exponentiation_last_chunk	[0.0002s x1.00]	(0.0014s x1.00 from start)
(leave) Call to mnt4_final_exponentiation  	[0.0002s x1.00]	(0.0014s x1.00 from start)
(enter) Call to mnt4_final_exponentiation  	[             ]	(0.0014s x1.00 from start)
  (enter) Call to mnt4_final_exponentiation_first_chunk	[             ]	(0.0014s x1.00 from start)
  (leave) Call to mnt4_final_exponentiation_first_chunk	[0.0000s x1.02]	(0.0015s x1.00 from start)
  (enter) Call to mnt4_final_exponentiation_first_chunk	[             ]	(0.0015s x1.00 from start)
  (leave) Call to mnt4_final_exponentiation_first_chunk	[0.0000s x1.02]	(0.0015s x1.00 from start)
  (enter) Call to mnt4_final_exponentiation_last_chunk	[             ]	(0.0015s x1.00 from start)
  (leave) Call to mnt4_final_exponentiation_last_chunk	[0.0002s x1.00]	(0.0016s x1.00 from start)
(leave) Call to mnt4_final_exponentiation  	[0.0002s x1.00]	(0.0016s x1.00 from start)
(enter) Call to mnt4_final_exponentiation  	[             ]	(0.0017s x1.00 from start)
  (enter) Call to mnt4_final_exponentiation_first_chunk	[             ]	(0.0017s x1.00 from start)
  (leave) Call to mnt4_final_exponentiation_first_chunk	[0.0000s x1.02]	(0.0017s x1.00 from start)
  (enter) Call to mnt4_final_exponentiation_first_chunk	[             ]	(0.0017s x1.00 from start)
  (leave) Call to mnt4_final_exponentiation_first_chunk	[0.0000s x1.01]	(0.0017s x1.00 from start)
  (enter) Call to mnt4_final_exponentiation_last_chunk	[             ]	(0.0017s x1.00 from start)
  (leave) Call to mnt4_final_exponentiation_last_chunk	[0.0002s x1.00]	(0.0018s x1.00 from start)
(leave) Call to mnt4_final_exponentiation  	[0.0002s x1.00]	(0.0018s x1.00 from start)
(enter) Call to mnt4_final_exponentiation  	[             ]	(0.0019s x1.00 from start)
  (enter) Call to mnt4_final_exponentiation_first_chunk	[             ]	(0.0019s x1.00 from start)
  (leave) Call to mnt4_final_exponentiation_first_chunk	[0.0000s x1.02]	(0.0019s x1.00 from start)
  (enter) Call to mnt4_final_exponentiation_first_chunk	[             ]	(0.0019s x1.00 from start)
  (leave) Call to mnt4_final_exponentiation_first_chunk	[0.0000s x1.01]	(0.0019s x1.00 from start)
  (enter) Call to mnt4_final_exponentiation_last_chunk	[             ]	(0.0019s x1.00 from start)
  (leave) Call to mnt4_final_exponentiation_last_chunk	[0.0002s x1.00]	(0.0021s x1.00 from start)
(leave) Call to mnt4_final_exponentiation  	[0.0002s x1.00]	(0.0021s x1.00 from start)
(enter) Call to mnt4_final_exponentiation  	[             ]	(0.0021s x1.00 from start)
  (enter) Call to mnt4_final_exponentiation_first_chunk	[             ]	(0.0021s x1.00 from start)
  (leave) Call to mnt4_final_exponentiation_first_chunk	[0.0000s x1.03]	(0.0021s x1.00 from start)
  (enter) Call to mnt4_final_exponentiation_first_chunk	[             ]	(0.0021s x1.00 from start)
  (leave) Call to mnt4_final_exponentiation_first_chunk	[0.0000s x1.01]	(0.0021s x1.00 from start)
  (enter) Call to mnt4_final_exponentiation_last_chunk	[             ]	(0.0021s x1.00 from start)
  (leave) Call to mnt4_final_exponentiation_last_chunk	[0.0002s x1.00]	(0.0023s x1.00 from start)
(leave) Call to mnt4_final_exponentiation  	[0.0002s x1.00]	(0.0023s x1.00 from start)
(enter) Call to mnt4_final_exponentiation  	[             ]	(0.0023s x1.00 from start)
  (enter) Call to mnt4_final_exponentiation_first_chunk	[             ]	(0.0023s x1.00 from start)
  (leave) Call to mnt4_final_exponentiation_first_chunk	[0.0000s x1.02]	(0.0023s x1.00 from start)
  (enter) Call to mnt4_final_exponentiation_first_chunk	[             ]	(0.0023s x1.00 from start)
  (leave) Call to mnt4_final_exponentiation_first_chunk	[0.0000s x1.01]	(0.0023s x1.00 from start)
  (enter) Call to mnt4_final_exponentiation_last_chunk	[             ]	(0.0023s x1.00 from start)
  (leave) Call to mnt4_final_exponentiation_last_chunk	[0.0002s x1.00]	(0.0025s x1.00 from start)
(leave) Call to mnt4_final_exponentiation  	[0.0002s x1.00]	(0.0025s x1.00 from start)
(enter) Call to mnt4_final_exponentiation  	[             ]	(0.0025s x1.00 from start)
  (enter) Call to mnt4_final_exponentiation_first_chunk	[             ]	(0.0025s x1.00 from start)
  (leave) Call to mnt4_final_exponentiation_first_chunk	[0.0000s x1.01]	(0.0025s x1.00 from start)
  (enter) Call to mnt4_final_exponentiation_first_chunk	[             ]	(0.0025s x1.00 from start)
  (leave) Call to mnt4_final_exponentiation_first_chunk	[0.0000s x1.01]	(0.0025s x1.00 from start)
  (enter) Call to mnt4_final_exponentiation_last_chunk	[             ]	(0.0025s x1.00 from start)
  (leave) Call to mnt4_final_exponentiation_last_chunk	[0.0002s x1.00]	(0.0027s x1.00 from start)
(leave) Call to mnt4_final_exponentiation  	[0.0002s x1.00]	(0.0027s x1.00 from start)
number of constraints for mnt4_Fp4_cyclotomic_sqr = 4
number of constraints for mnt4_Fq4_exp = 1237
exponent was: 689871209842287392837045615510547309923794945
Frobenius map for mnt4_Fq4 correct
number of constraints for mnt6_Fp3_mul = 5
number of constraints for mnt6_Fp3_sqr = 5
number of constraints for mnt6_Fp6_mul = 15
number of constraints for mnt6_Fp6_sqr = 15
(enter) Call to mnt6_final_exponentiation  	[             ]	(0.0142s x1.00 from start)
  (enter) Call to mnt6_final_exponentiation_first_chunk	[             ]	(0.0142s x1.00 from start)
  (leave) Call to mnt6_final_exponentiation_first_chunk	[0.0000s x0.99]	(0.0142s x1.00 from start)
  (enter) Call to mnt6_final_exponentiation_first_chunk	[             ]	(0.0142s x1.00 from start)
  (leave) Call to mnt6_final_exponentiation_first_chunk	[0.0000s x1.03]	(0.0142s x1.00 from start)
  (enter) Call to mnt6_final_exponentiation_last_chunk	[             ]	(0.0142s x1.00 from start)
  (leave) Call to mnt6_final_exponentiation_last_chunk	[0.0002s x1.00]	(0.0145s x1.00 from start)
(leave) Call to mnt6_final_exponentiation  	[0.0003s x1.00]	(0.0145s x1.00 from start)
(enter) Call to mnt6_final_exponentiation  	[             ]	(0.0145s x1.00 from start)
  (enter) Call to mnt6_final_exponentiation_first_chunk	[             ]	(0.0145s x1.00 from start)
  (leave) Call to mnt6_final_exponentiation_first_chunk	[0.0000s x1.04]	(0.0145s x1.00 from start)
  (enter) Call to mnt6_final_exponentiation_first_chunk	[             ]	(0.0145s x1.00 from start)
  (leave) Call to mnt6_final_exponentiation_first_chunk	[0.0000s x1.01]	(0.0145s x1.00 from start)
  (enter) Call to mnt6_final_exponentiation_last_chunk	[             ]	(0.0145s x1.00 from start)
  (leave) Call to mnt6_final_exponentiation_last_chunk	[0.0002s x1.00]	(0.0148s x1.00 from start)
(leave) Call to mnt6_final_exponentiation  	[0.0003s x1.00]	(0.0148s x1.00 from start)
(enter) Call to mnt6_final_exponentiation  	[             ]	(0.0148s x1.00 from start)
  (enter) Call to mnt6_final_exponentiation_first_chunk	[             ]	(0.0148s x1.00 from start)
  (leave) Call to mnt6_final_exponentiation_first_chunk	[0.0000s x1.01]	(0.0148s x1.00 from start)
  (enter) Call to mnt6_final_exponentiation_first_chunk	[             ]	(0.0148s x1.00 from start)
  (leave) Call to mnt6_final_exponentiation_first_chunk	[0.0000s x1.01]	(0.0148s x1.00 from start)
  (enter) Call to mnt6_final_exponentiation_last_chunk	[             ]	(0.0148s x1.00 from start)
  (leave) Call to mnt6_final_exponentiation_last_chunk	[0.0003s x1.00]	(0.0151s x1.00 from start)
(leave) Call to mnt6_final_exponentiation  	[0.0003s x1.00]	(0.0151s x1.00 from start)
(enter) Call to mnt6_final_exponentiation  	[             ]	(0.0151s x1.00 from start)
  (enter) Call to mnt6_final_exponentiation_first_chunk	[             ]	(0.0151s x1.00 from start)
  (leave) Call to mnt6_final_exponentiation_first_chunk	[0.0000s x1.02]	(0.0151s x1.00 from start)
  (enter) Call to mnt6_final_exponentiation_first_chunk	[             ]	(0.0152s x1.00 from start)
  (leave) Call to mnt6_final_exponentiation_first_chunk	[0.0000s x1.01]	(0.0152s x1.00 from start)
  (enter) Call to mnt6_final_exponentiation_last_chunk	[             ]	(0.0152s x1.00 from start)
  (leave) Call to mnt6_final_exponentiation_last_chunk	[0.0003s x1.00]	(0.0154s x1.00 from start)
(leave) Call to mnt6_final_exponentiation  	[0.0003s x1.00]	(0.0154s x1.00 from start)
(enter) Call to mnt6_final_exponentiation  	[             ]	(0.0155s x1.00 from start)
  (enter) Call to mnt6_final_exponentiation_first_chunk	[             ]	(0.0155s x1.00 from start)
  (leave) Call to mnt6_final_exponentiation_first_chunk	[0.0000s x1.01]	(0.0155s x1.00 from start)
  (enter) Call to mnt6_final_exponentiation_first_chunk	[             ]	(0.0155s x1.00 from start)
  (leave) Call to mnt6_final_exponentiation_first_chunk	[0.0000s x1.01]	(0.0155s x1.00 from start)
  (enter) Call to mnt6_final_exponentiation_last_chunk	[             ]	(0.0155s x1.00 from start)
  (leave) Call to mnt6_final_exponentiation_last_chunk	[0.0002s x1.00]	(0.0157s x1.00 from start)
(leave) Call to mnt6_final_exponentiation  	[0.0003s x1.00]	(0.0157s x1.00 from start)
(enter) Call to mnt6_final_exponentiation  	[             ]	(0.0157s x1.00 from start)
  (enter) Call to mnt6_final_exponentiation_first_chunk	[             ]	(0.0157s x1.00 from start)
  (leave) Call to mnt6_final_exponentiation_first_chunk	[0.0000s x1.01]	(0.0158s x1.00 from start)
  (enter) Call to mnt6_final_exponentiation_first_chunk	[             ]	(0.0158s x1.00 from start)
  (leave) Call to mnt6_final_exponentiation_first_chunk	[0.0000s x1.01]	(0.0158s x1.00 from start)
  (enter) Call to mnt6_final_exponentiation_last_chunk	[             ]	(0.0158s x1.00 from start)
  (leave) Call to mnt6_final_exponentiation_last_chunk	[0.0002s x1.00]	(0.0160s x1.00 from start)
(leave) Call to mnt6_final_exponentiation  	[0.0003s x1.00]	(0.0160s x1.00 from start)
(enter) Call to mnt6_final_exponentiation  	[             ]	(0.0160s x1.00 from start)
  (enter) Call to mnt6_final_exponentiation_first_chunk	[             ]	(0.0160s x1.00 from start)
  (leave) Call to mnt6_final_exponentiation_first_chunk	[0.0000s x1.00]	(0.0161s x1.00 from start)
  (enter) Call to mnt6_final_exponentiation_first_chunk	[             ]	(0.0161s x1.00 from start)
  (leave) Call to mnt6_final_exponentiation_first_chunk	[0.0000s x1.01]	(0.0161s x1.00 from start)
  (enter) Call to mnt6_final_exponentiation_last_chunk	[             ]	(0.0161s x1.00 from start)
  (leave) Call to mnt6_final_exponentiation_last_chunk	[0.0003s x1.00]	(0.0163s x1.00 from start)
(leave) Call to mnt6_final_exponentiation  	[0.0003s x1.00]	(0.0164s x1.00 from start)
(enter) Call to mnt6_final_exponentiation  	[             ]	(0.0164s x1.00 from start)
  (enter) Call to mnt6_final_exponentiation_first_chunk	[             ]	(0.0164s x1.00 from start)
  (leave) Call to mnt6_final_exponentiation_first_chunk	[0.0000s x1.02]	(0.0164s x1.00 from start)
  (enter) Call to mnt6_final_exponentiation_first_chunk	[             ]	(0.0164s x1.00 from start)
  (leave) Call to mnt6_final_exponentiation_first_chunk	[0.0000s x1.01]	(0.0164s x1.00 from start)
  (enter) Call to mnt6_final_exponentiation_last_chunk	[             ]	(0.0164s x1.00 from start)
  (leave) Call to mnt6_final_exponentiation_last_chunk	[0.0002s x1.00]	(0.0166s x1.00 from start)
(leave) Call to mnt6_final_exponentiation  	[0.0003s x1.00]	(0.0167s x1.00 from start)
(enter) Call to mnt6_final_exponentiation  	[             ]	(0.0167s x1.00 from start)
  (enter) Call to mnt6_final_exponentiation_first_chunk	[             ]	(0.0167s x1.00 from start)
  (leave) Call to mnt6_final_exponentiation_first_chunk	[0.0000s x1.01]	(0.0167s x1.00 from start)
  (enter) Call to mnt6_final_exponentiation_first_chunk	[             ]	(0.0167s x1.00 from start)
  (leave) Call to mnt6_final_exponentiation_first_chunk	[0.0000s x1.01]	(0.0167s x1.00 from start)
  (enter) Call to mnt6_final_exponentiation_last_chunk	[             ]	(0.0167s x1.00 from start)
  (leave) Call to mnt6_final_exponentiation_last_chunk	[0.0002s x1.00]	(0.0169s x1.00 from start)
(leave) Call to mnt6_final_exponentiation  	[0.0003s x1.00]	(0.0169s x1.00 from start)
(enter) Call to mnt6_final_exponentiation  	[             ]	(0.0170s x1.00 from start)
  (enter) Call to mnt6_final_exponentiation_first_chunk	[             ]	(0.0170s x1.00 from start)
  (leave) Call to mnt6_final_exponentiation_first_chunk	[0.0000s x1.00]	(0.0170s x1.00 from start)
  (enter) Call to mnt6_final_exponentiation_first_chunk	[             ]	(0.0170s x1.00 from start)
  (leave) Call to mnt6_final_exponentiation_first_chunk	[0.0000s x1.02]	(0.0170s x1.00 from start)
  (enter) Call to mnt6_final_exponentiation_last_chunk	[             ]	(0.0170s x1.00 from start)
  (leave) Call to mnt6_final_exponentiation_last_chunk	[0.0003s x1.00]	(0.0172s x1.00 from start)
(leave) Call to mnt6_final_exponentiation  	[0.0003s x1.00]	(0.0173s x1.00 from start)
number of constraints for mnt6_Fp6_cyclotomic_sqr = 6
number of constraints for mnt6_Fq6_exp = 2955
exponent was: 689871209842287392837045615510547309923794944
Frobenius map for mnt6_Fq6 correct
positive test
negative test
number of constraints for G2 checker (Fr is mnt4)  = 15
positive test
negative test
number of constraints for G2 checker (Fr is mnt6)  = 7
(enter) Call to mnt6_affine_ate_precompute_G1	[             ]	(0.0457s x1.00 from start)
(leave) Call to mnt6_affine_ate_precompute_G1	[0.0000s x0.97]	(0.0457s x1.00 from start)
number of constraints for G1 precomp (Fr is mnt4)  = 0
(enter) Call to mnt4_affine_ate_precompute_G1	[             ]	(0.0461s x1.00 from start)
(leave) Call to mnt4_affine_ate_precompute_G1	[0.0000s x1.03]	(0.0461s x1.00 from start)
number of constraints for G1 precomp (Fr is mnt6)  = 0
(enter) Call to mnt6_affine_ate_precompute_G2	[             ]	(0.0635s x1.00 from start)
(leave) Call to mnt6_affine_ate_precompute_G2	[0.0014s x1.00]	(0.0648s x1.00 from start)
number of constraints for G2 precomp (Fr is mnt4)  = 4665
(enter) Call to mnt4_affine_ate_precompute_G2	[             ]	(0.0723s x1.00 from start)
(leave) Call to mnt4_affine_ate_precompute_G2	[0.0008s x1.00]	(0.0732s x1.00 from start)
number of constraints for G2 precomp (Fr is mnt6)  = 2454
Constraint profiling:
* Number of constraints in [precompute P]: 0
* Number of constraints in [precompute Q]: 4665
* Number of constraints in [Miller loop]: 5377
(enter) Call to mnt6_affine_ate_precompute_G1	[             ]	(0.1108s x1.00 from start)
(leave) Call to mnt6_affine_ate_precompute_G1	[0.0000s x0.97]	(0.1108s x1.00 from start)
(enter) Call to mnt6_affine_ate_precompute_G2	[             ]	(0.1108s x1.00 from start)
(leave) Call to mnt6_affine_ate_precompute_G2	[0.0013s x1.00]	(0.1122s x1.00 from start)
(enter) Call to mnt6_affine_ate_miller_loop	[             ]	(0.1122s x1.00 from start)
(leave) Call to mnt6_affine_ate_miller_loop	[0.0006s x1.00]	(0.1127s x1.00 from start)
number of constraints for Miller loop (Fr is mnt4)  = 10042
Constraint profiling:
* Number of constraints in [precompute P]: 0
* Number of constraints in [precompute Q]: 2454
* Number of constraints in [Miller loop]: 2662
(enter) Call to mnt4_affine_ate_precompute_G1	[             ]	(0.1333s x1.00 from start)
(leave) Call to mnt4_affine_ate_precompute_G1	[0.0000s x0.96]	(0.1333s x1.00 from start)
(enter) Call to mnt4_affine_ate_precompute_G2	[             ]	(0.1333s x1.00 from start)
(leave) Call to mnt4_affine_ate_precompute_G2	[0.0008s x1.00]	(0.1342s x1.00 from start)
(enter) Call to mnt4_affine_ate_miller_loop	[             ]	(0.1342s x1.00 from start)
(leave) Call to mnt4_affine_ate_miller_loop	[0.0003s x1.00]	(0.1345s x1.00 from start)
number of constraints for Miller loop (Fr is mnt6)  = 5116
Constraint profiling:
* Number of constraints in [precompute P]: 0
* Number of constraints in [precompute Q]: 9330
* Number of constraints in [Miller loop]: 8513
(enter) Call to mnt6_affine_ate_precompute_G1	[             ]	(0.2035s x1.00 from start)
(leave) Call to mnt6_affine_ate_precompute_G1	[0.0000s x0.98]	(0.2036s x1.00 from start)
(enter) Call to mnt6_affine_ate_precompute_G2	[             ]	(0.2036s x1.00 from start)
(leave) Call to mnt6_affine_ate_precompute_G2	[0.0013s x1.00]	(0.2049s x1.00 from start)
(enter) Call to mnt6_affine_ate_precompute_G1	[             ]	(0.2049s x1.00 from start)
(leave) Call to mnt6_affine_ate_precompute_G1	[0.0000s x1.02]	(0.2049s x1.00 from start)
(enter) Call to mnt6_affine_ate_precompute_G2	[             ]	(0.2049s x1.00 from start)
(leave) Call to mnt6_affine_ate_precompute_G2	[0.0013s x1.00]	(0.2061s x1.00 from start)
(enter) Call to mnt6_affine_ate_miller_loop	[             ]	(0.2062s x1.00 from start)
(leave) Call to mnt6_affine_ate_miller_loop	[0.0006s x1.00]	(0.2067s x1.00 from start)
(enter) Call to mnt6_affine_ate_miller_loop	[             ]	(0.2068s x1.00 from start)
(leave) Call to mnt6_affine_ate_miller_loop	[0.0005s x1.00]	(0.2073s x1.00 from start)
number of constraints for e over e Miller loop (Fr is mnt4)  = 17843
Constraint profiling:
* Number of constraints in [precompute P]: 0
* Number of constraints in [precompute Q]: 4908
* Number of constraints in [Miller loop]: 4426
(enter) Call to mnt4_affine_ate_precompute_G1	[             ]	(0.2472s x1.00 from start)
(leave) Call to mnt4_affine_ate_precompute_G1	[0.0000s x0.97]	(0.2472s x1.00 from start)
(enter) Call to mnt4_affine_ate_precompute_G2	[             ]	(0.2472s x1.00 from start)
(leave) Call to mnt4_affine_ate_precompute_G2	[0.0008s x1.00]	(0.2480s x1.00 from start)
(enter) Call to mnt4_affine_ate_precompute_G1	[             ]	(0.2480s x1.00 from start)
(leave) Call to mnt4_affine_ate_precompute_G1	[0.0000s x1.01]	(0.2480s x1.00 from start)
(enter) Call to mnt4_affine_ate_precompute_G2	[             ]	(0.2480s x1.00 from start)
(leave) Call to mnt4_affine_ate_precompute_G2	[0.0008s x1.00]	(0.2489s x1.00 from start)
(enter) Call to mnt4_affine_ate_miller_loop	[             ]	(0.2489s x1.00 from start)
(leave) Call to mnt4_affine_ate_miller_loop	[0.0003s x1.00]	(0.2492s x1.00 from start)
(enter) Call to mnt4_affine_ate_miller_loop	[             ]	(0.2492s x1.00 from start)
(leave) Call to mnt4_affine_ate_miller_loop	[0.0003s x1.00]	(0.2495s x1.00 from start)
number of constraints for e over e Miller loop (Fr is mnt6)  = 9334
Constraint profiling:
* Number of constraints in [precompute P]: 0
* Number of constraints in [precompute Q]: 13995
* Number of constraints in [Miller loop]: 11649
(enter) Call to mnt6_affine_ate_precompute_G1	[             ]	(0.3469s x1.00 from start)
(leave) Call to mnt6_affine_ate_precompute_G1	[0.0000s x0.98]	(0.3469s x1.00 from start)
(enter) Call to mnt6_affine_ate_precompute_G2	[             ]	(0.3469s x1.00 from start)
(leave) Call to mnt6_affine_ate_precompute_G2	[0.0013s x1.00]	(0.3483s x1.00 from start)
(enter) Call to mnt6_affine_ate_precompute_G1	[             ]	(0.3483s x1.00 from start)
(leave) Call to mnt6_affine_ate_precompute_G1	[0.0000s x1.01]	(0.3483s x1.00 from start)
(enter) Call to mnt6_affine_ate_precompute_G2	[             ]	(0.3483s x1.00 from start)
(leave) Call to mnt6_affine_ate_precompute_G2	[0.0013s x1.00]	(0.3496s x1.00 from start)
(enter) Call to mnt6_affine_ate_precompute_G1	[             ]	(0.3496s x1.00 from start)
(leave) Call to mnt6_affine_ate_precompute_G1	[0.0000s x1.02]	(0.3496s x1.00 from start)
(enter) Call to mnt6_affine_ate_precompute_G2	[             ]	(0.3496s x1.00 from start)
(leave) Call to mnt6_affine_ate_precompute_G2	[0.0013s x1.00]	(0.3509s x1.00 from start)
(enter) Call to mnt6_affine_ate_miller_loop	[             ]	(0.3509s x1.00 from start)
(leave) Call to mnt6_affine_ate_miller_loop	[0.0006s x1.00]	(0.3515s x1.00 from start)
(enter) Call to mnt6_affine_ate_miller_loop	[             ]	(0.3516s x1.00 from start)
(leave) Call to mnt6_affine_ate_miller_loop	[0.0006s x1.00]	(0.3521s x1.00 from start)
(enter) Call to mnt6_affine_ate_miller_loop	[             ]	(0.3521s x1.00 from start)
(leave) Call to mnt6_affine_ate_miller_loop	[0.0006s x1.00]	(0.3527s x1.00 from start)
number of constraints for e times e over e Miller loop (Fr is mnt4)  = 25644
Constraint profiling:
* Number of constraints in [precompute P]: 0
* Number of constraints in [precompute Q]: 7362
* Number of constraints in [Miller loop]: 6190
(enter) Call to mnt4_affine_ate_precompute_G1	[             ]	(0.4096s x1.00 from start)
(leave) Call to mnt4_affine_ate_precompute_G1	[0.0000s x0.96]	(0.4097s x1.00 from start)
(enter) Call to mnt4_affine_ate_precompute_G2	[             ]	(0.4097s x1.00 from start)
(leave) Call to mnt4_affine_ate_precompute_G2	[0.0009s x1.00]	(0.4105s x1.00 from start)
(enter) Call to mnt4_affine_ate_precompute_G1	[             ]	(0.4105s x1.00 from start)
(leave) Call to mnt4_affine_ate_precompute_G1	[0.0000s x1.01]	(0.4105s x1.00 from start)
(enter) Call to mnt4_affine_ate_precompute_G2	[             ]	(0.4105s x1.00 from start)
(leave) Call to mnt4_affine_ate_precompute_G2	[0.0008s x1.00]	(0.4114s x1.00 from start)
(enter) Call to mnt4_affine_ate_precompute_G1	[             ]	(0.4114s x1.00 from start)
(leave) Call to mnt4_affine_ate_precompute_G1	[0.0000s x1.01]	(0.4114s x1.00 from start)
(enter) Call to mnt4_affine_ate_precompute_G2	[             ]	(0.4114s x1.00 from start)
(leave) Call to mnt4_affine_ate_precompute_G2	[0.0008s x1.00]	(0.4122s x1.00 from start)
(enter) Call to mnt4_affine_ate_miller_loop	[             ]	(0.4122s x1.00 from start)
(leave) Call to mnt4_affine_ate_miller_loop	[0.0003s x1.00]	(0.4125s x1.00 from start)
(enter) Call to mnt4_affine_ate_miller_loop	[             ]	(0.4125s x1.00 from start)
(leave) Call to mnt4_affine_ate_miller_loop	[0.0003s x1.00]	(0.4128s x1.00 from start)
(enter) Call to mnt4_affine_ate_miller_loop	[             ]	(0.4128s x1.00 from start)
(leave) Call to mnt4_affine_ate_miller_loop	[0.0003s x1.00]	(0.4131s x1.00 from start)
number of constraints for e times e over e Miller loop (Fr is mnt6)  = 13552
Constraint profiling:
* Number of constraints in [precompute P]: 0
* Number of constraints in [precompute Q]: 4665
* Number of constraints in [Miller loop]: 5377
* Number of constraints in [final exp]: 1732
(enter) Call to mnt6_affine_ate_precompute_G1	[             ]	(0.4645s x1.00 from start)
(leave) Call to mnt6_affine_ate_precompute_G1	[0.0000s x0.99]	(0.4646s x1.00 from start)
(enter) Call to mnt6_affine_ate_precompute_G2	[             ]	(0.4646s x1.00 from start)
(leave) Call to mnt6_affine_ate_precompute_G2	[0.0013s x1.00]	(0.4658s x1.00 from start)
(enter) Call to mnt6_affine_ate_miller_loop	[             ]	(0.4659s x1.00 from start)
(leave) Call to mnt6_affine_ate_miller_loop	[0.0006s x1.00]	(0.4664s x1.00 from start)
(enter) Call to mnt6_final_exponentiation  	[             ]	(0.4664s x1.00 from start)
  (enter) Call to mnt6_final_exponentiation_first_chunk	[             ]	(0.4664s x1.00 from start)
  (leave) Call to mnt6_final_exponentiation_first_chunk	[0.0000s x1.05]	(0.4664s x1.00 from start)
  (enter) Call to mnt6_final_exponentiation_first_chunk	[             ]	(0.4665s x1.00 from start)
  (leave) Call to mnt6_final_exponentiation_first_chunk	[0.0000s x1.03]	(0.4665s x1.00 from start)
  (enter) Call to mnt6_final_exponentiation_last_chunk	[             ]	(0.4665s x1.00 from start)
  (leave) Call to mnt6_final_exponentiation_last_chunk	[0.0002s x1.00]	(0.4667s x1.00 from start)
(leave) Call to mnt6_final_exponentiation  	[0.0003s x1.00]	(0.4667s x1.00 from start)
Must match:
c0/c1:
c0/c1/c2:
403548531579386782198324764847597105626491161113155730746173850804539623836820179943273385
416593178791812143304473180655154138190622193437402309944339068294683263095331302232564552
462946789702243832360945546991910889689392537593391321305519856214782371288170085763907807
c0/c1/c2:
215977217547477044843614270054387524957634567170981615123621892501557911893271346104401446
250503543959007479283857605989400206567876362996239902036829085232188350451901341682056632
35133764526058106212982090029495949977571678583088287917797043605083832776066724195344588
c0/c1:
c0/c1/c2:
403548531579386782198324764847597105626491161113155730746173850804539623836820179943273385
416593178791812143304473180655154138190622193437402309944339068294683263095331302232564552
462946789702243832360945546991910889689392537593391321305519856214782371288170085763907807
c0/c1/c2:
215977217547477044843614270054387524957634567170981615123621892501557911893271346104401446
250503543959007479283857605989400206567876362996239902036829085232188350451901341682056632
35133764526058106212982090029495949977571678583088287917797043605083832776066724195344588
number of constraints for full pairing (Fr is mnt4)  = 11774
Constraint profiling:
* Number of constraints in [precompute P]: 0
* Number of constraints in [precompute Q]: 2454
* Number of constraints in [Miller loop]: 2662
* Number of constraints in [final exp]: 983
(enter) Call to mnt4_affine_ate_precompute_G1	[             ]	(0.4931s x1.00 from start)
(leave) Call to mnt4_affine_ate_precompute_G1	[0.0000s x0.97]	(0.4932s x1.00 from start)
(enter) Call to mnt4_affine_ate_precompute_G2	[             ]	(0.4932s x1.00 from start)
(leave) Call to mnt4_affine_ate_precompute_G2	[0.0008s x1.00]	(0.4940s x1.00 from start)
(enter) Call to mnt4_affine_ate_miller_loop	[             ]	(0.4940s x1.00 from start)
(leave) Call to mnt4_affine_ate_miller_loop	[0.0003s x1.00]	(0.4943s x1.00 from start)
(enter) Call to mnt4_final_exponentiation  	[             ]	(0.4943s x1.00 from start)
  (enter) Call to mnt4_final_exponentiation_first_chunk	[             ]	(0.4943s x1.00 from start)
  (leave) Call to mnt4_final_exponentiation_first_chunk	[0.0000s x1.13]	(0.4943s x1.00 from start)
  (enter) Call to mnt4_final_exponentiation_first_chunk	[             ]	(0.4943s x1.00 from start)
  (leave) Call to mnt4_final_exponentiation_first_chunk	[0.0000s x1.05]	(0.4944s x1.00 from start)
  (enter) Call to mnt4_final_exponentiation_last_chunk	[             ]	(0.4944s x1.00 from start)
  (leave) Call to mnt4_final_exponentiation_last_chunk	[0.0002s x1.00]	(0.4945s x1.00 from start)
(leave) Call to mnt4_final_exponentiation  	[0.0002s x1.00]	(0.4945s x1.00 from start)
Must match:
c0/c1:
c0/c1:
282378930575720483805370995102124161827058372648474611409989112910196787157734666452898437
420376499047957749550364217026245318748711841352897269553431106946065788229822115484714650
c0/c1:
452567845457079968716419452845215616896997765024643690776831899722266471314595770155789370
359831357577184685895880586248233728333030050983856620251081624695456521125666480888260219
c0/c1:
c0/c1:
282378930575720483805370995102124161827058372648474611409989112910196787157734666452898437
420376499047957749550364217026245318748711841352897269553431106946065788229822115484714650
c0/c1:
452567845457079968716419452845215616896997765024643690776831899722266471314595770155789370
359831357577184685895880586248233728333030050983856620251081624695456521125666480888260219
number of constraints for full pairing (Fr is mnt6)  = 6099
(enter) Call to mnt6_affine_ate_precompute_G2	[             ]	(0.5014s x1.00 from start)
(leave) Call to mnt6_affine_ate_precompute_G2	[0.0013s x1.00]	(0.5027s x1.00 from start)
Constraint profiling:
* Number of constraints in [Miller loop]: 4789
* Number of constraints in [final exp]: 1732
(enter) Call to mnt6_affine_ate_precompute_G1	[             ]	(0.5249s x1.00 from start)
(leave) Call to mnt6_affine_ate_precompute_G1	[0.0000s x0.97]	(0.5249s x1.00 from start)
(enter) Call to mnt6_affine_ate_precompute_G2	[             ]	(0.5249s x1.00 from start)
(leave) Call to mnt6_affine_ate_precompute_G2	[0.0013s x1.00]	(0.5262s x1.00 from start)
(enter) Call to mnt6_affine_ate_miller_loop	[             ]	(0.5262s x1.00 from start)
(leave) Call to mnt6_affine_ate_miller_loop	[0.0006s x1.00]	(0.5268s x1.00 from start)
(enter) Call to mnt6_final_exponentiation  	[             ]	(0.5268s x1.00 from start)
  (enter) Call to mnt6_final_exponentiation_first_chunk	[             ]	(0.5268s x1.00 from start)
  (leave) Call to mnt6_final_exponentiation_first_chunk	[0.0000s x1.03]	(0.5268s x1.00 from start)
  (enter) Call to mnt6_final_exponentiation_first_chunk	[             ]	(0.5268s x1.00 from start)
  (leave) Call to mnt6_final_exponentiation_first_chunk	[0.0000s x1.01]	(0.5268s x1.00 from start)
  (enter) Call to mnt6_final_exponentiation_last_chunk	[             ]	(0.5268s x1.00 from start)
  (leave) Call to mnt6_final_exponentiation_last_chunk	[0.0002s x1.00]	(0.5271s x1.00 from start)
(leave) Call to mnt6_final_exponentiation  	[0.0003s x1.00]	(0.5271s x1.00 from start)
Must match:
c0/c1:
c0/c1/c2:
234846042537699954406116469297894571424929765086826615037560347817444818865284987003526368
204325001001180069587833176034679594026186385940996906946179910403617022297213497758311077
311627776106934186912782794604586231725195652847877854055408442117837445892771642684905720
c0/c1/c2:
345888242718419658060416653597194641117845057861917300578528604955500730846776327890328386
312455020252906291182723590629782685272782570313509608231131663092904521272611239767112700
398403291163394502693588368817572818893160838927498196217852860885230129755315540453753229
c0/c1:
c0/c1/c2:
234846042537699954406116469297894571424929765086826615037560347817444818865284987003526368
204325001001180069587833176034679594026186385940996906946179910403617022297213497758311077
311627776106934186912782794604586231725195652847877854055408442117837445892771642684905720
c0/c1/c2:
345888242718419658060416653597194641117845057861917300578528604955500730846776327890328386
312455020252906291182723590629782685272782570313509608231131663092904521272611239767112700
398403291163394502693588368817572818893160838927498196217852860885230129755315540453753229
number of constraints for full precomputed pairing (Fr is mnt4)  = 6521
(enter) Call to mnt4_affine_ate_precompute_G2	[             ]	(0.5348s x1.00 from start)
(leave) Call to mnt4_affine_ate_precompute_G2	[0.0009s x1.00]	(0.5357s x1.00 from start)
Constraint profiling:
* Number of constraints in [Miller loop]: 2270
* Number of constraints in [final exp]: 983
(enter) Call to mnt4_affine_ate_precompute_G1	[             ]	(0.5470s x1.00 from start)
(leave) Call to mnt4_affine_ate_precompute_G1	[0.0000s x0.99]	(0.5471s x1.00 from start)
(enter) Call to mnt4_affine_ate_precompute_G2	[             ]	(0.5471s x1.00 from start)
(leave) Call to mnt4_affine_ate_precompute_G2	[0.0008s x1.00]	(0.5479s x1.00 from start)
(enter) Call to mnt4_affine_ate_miller_loop	[             ]	(0.5479s x1.00 from start)
(leave) Call to mnt4_affine_ate_miller_loop	[0.0003s x1.00]	(0.5482s x1.00 from start)
(enter) Call to mnt4_final_exponentiation  	[             ]	(0.5482s x1.00 from start)
  (enter) Call to mnt4_final_exponentiation_first_chunk	[             ]	(0.5483s x1.00 from start)
  (leave) Call to mnt4_final_exponentiation_first_chunk	[0.0000s x1.13]	(0.5483s x1.00 from start)
  (enter) Call to mnt4_final_exponentiation_first_chunk	[             ]	(0.5483s x1.00 from start)
  (leave) Call to mnt4_final_exponentiation_first_chunk	[0.0000s x1.07]	(0.5483s x1.00 from start)
  (enter) Call to mnt4_final_exponentiation_last_chunk	[             ]	(0.5483s x1.00 from start)
  (leave) Call to mnt4_final_exponentiation_last_chunk	[0.0002s x1.00]	(0.5484s x1.00 from start)
(leave) Call to mnt4_final_exponentiation  	[0.0002s x1.00]	(0.5484s x1.00 from start)
Must match:
c0/c1:
c0/c1:
247314192558398245147326057385375810013926418607352560603233964715128885117078739931782287
123395918969624122804991829955251420221544497488309348345873512987978744549100822551366354
c0/c1:
457377448447852298614023301389991644641994692461764796180149730322680264035871068666391980
305028756296208356039473174671330172469488815807581167481686586450472931751199893995363634
c0/c1:
c0/c1:
247314192558398245147326057385375810013926418607352560603233964715128885117078739931782287
123395918969624122804991829955251420221544497488309348345873512987978744549100822551366354
c0/c1:
457377448447852298614023301389991644641994692461764796180149730322680264035871068666391980
305028756296208356039473174671330172469488815807581167481686586450472931751199893995363634
number of constraints for full precomputed pairing (Fr is mnt6)  = 3253
(enter) Call to generate_r1cs_example_with_field_input	[             ]	(0.5512s x1.00 from start)
(leave) Call to generate_r1cs_example_with_field_input	[0.0001s x0.99]	(0.5513s x1.00 from start)
(enter) Call to r1cs_ppzksnark_generator   	[             ]	(0.5513s x1.00 from start)
  (enter) Call to r1cs_constraint_system::swap_AB_if_beneficial	[             ]	(0.5513s x1.00 from start)
    (enter) Estimate densities                 	[             ]	(0.5513s x1.00 from start)
      * Non-zero A-count (estimate): 51
      * Non-zero B-count (estimate): 52
    (leave) Estimate densities                 	[0.0000s x1.10]	(0.5513s x1.00 from start)
    (enter) Perform the swap                   	[             ]	(0.5513s x1.00 from start)
    (leave) Perform the swap                   	[0.0000s x1.09]	(0.5513s x1.00 from start)
  (leave) Call to r1cs_constraint_system::swap_AB_if_beneficial	[0.0000s x1.01]	(0.5513s x1.00 from start)
  (enter) Call to r1cs_to_qap_instance_map_with_evaluation	[             ]	(0.5513s x1.00 from start)
    (enter) Compute evaluations of A, B, C, H at t	[             ]	(0.5514s x1.00 from start)
    (leave) Compute evaluations of A, B, C, H at t	[0.0002s x1.01]	(0.5516s x1.00 from start)
  (leave) Call to r1cs_to_qap_instance_map_with_evaluation	[0.0003s x1.00]	(0.5516s x1.00 from start)
  * QAP number of variables: 52
  * QAP pre degree: 50
  * QAP degree: 64
  * QAP number of input variables: 3
  (enter) Compute query densities            	[             ]	(0.5516s x1.00 from start)
  (leave) Compute query densities            	[0.0000s x1.06]	(0.5516s x1.00 from start)
  Choosing window size 7 for 370 elements
  Choosing window size 4 for 51 elements
  * G1 window: 7
  * G2 window: 4
  (enter) Generating G1 multiexp table       	[             ]	(0.5516s x1.00 from start)
  (leave) Generating G1 multiexp table       	[0.0042s x1.00]	(0.5559s x1.00 from start)
  (enter) Generating G2 multiexp table       	[             ]	(0.5559s x1.00 from start)
  (leave) Generating G2 multiexp table       	[0.0052s x1.00]	(0.5611s x1.00 from start)
  (enter) Generate R1CS proving key          	[             ]	(0.5611s x1.00 from start)
    (enter) Generate knowledge commitments     	[             ]	(0.5612s x1.00 from start)
      (enter) Compute the A-query                	[             ]	(0.5612s x1.00 from start)
      Non-zero coordinate count: 49/54 (90.74%)
      (leave) Compute the A-query                	[0.0032s x1.00]	(0.5643s x1.00 from start)
      (enter) Compute the B-query                	[             ]	(0.5643s x1.00 from start)
      Non-zero coordinate count: 52/54 (96.30%)
      (leave) Compute the B-query                	[0.0148s x1.00]	(0.5791s x1.00 from start)
      (enter) Compute the C-query                	[             ]	(0.5791s x1.00 from start)
      Non-zero coordinate count: 51/54 (94.44%)
      (leave) Compute the C-query                	[0.0034s x1.00]	(0.5825s x1.00 from start)
      (enter) Compute the H-query                	[             ]	(0.5826s x1.00 from start)
      . DONE!
      (leave) Compute the H-query                	[0.0022s x1.00]	(0.5848s x1.00 from start)
      (enter) Compute the K-query                	[             ]	(0.5849s x1.00 from start)
      . DONE!
      (leave) Compute the K-query                	[0.0018s x1.00]	(0.5867s x1.00 from start)
    (leave) Generate knowledge commitments     	[0.0255s x1.00]	(0.5867s x1.00 from start)
  (leave) Generate R1CS proving key          	[0.0256s x1.00]	(0.5867s x1.00 from start)
  (enter) Generate R1CS verification key     	[             ]	(0.5867s x1.00 from start)
    (enter) Encode IC query for R1CS verification key	[             ]	(0.5944s x1.00 from start)
      . DONE!
    (leave) Encode IC query for R1CS verification key	[0.0005s x1.00]	(0.5949s x1.00 from start)
  (leave) Generate R1CS verification key     	[0.0082s x1.00]	(0.5949s x1.00 from start)
(leave) Call to r1cs_ppzksnark_generator   	[0.0436s x1.00]	(0.5949s x1.00 from start)
* G1 elements in PK: 391
* Non-zero G1 elements in PK: 373
* G2 elements in PK: 54
* Non-zero G2 elements in PK: 52
* PK size in bits: 152299
* G1 elements in VK: 5
* G2 elements in VK: 5
* VK size in bits: 4971
(enter) Call to r1cs_ppzksnark_prover      	[             ]	(0.5949s x1.00 from start)
  (enter) Compute the polynomial H           	[             ]	(0.5949s x1.00 from start)
    (enter) Call to r1cs_to_qap_witness_map    	[             ]	(0.5949s x1.00 from start)
      (enter) Compute evaluation of polynomials A, B on set S	[             ]	(0.5950s x1.00 from start)
      (leave) Compute evaluation of polynomials A, B on set S	[0.0000s x1.02]	(0.5950s x1.00 from start)
      (enter) Compute coefficients of polynomial A	[             ]	(0.5950s x1.00 from start)
      (leave) Compute coefficients of polynomial A	[0.0000s x1.01]	(0.5951s x1.00 from start)
      (enter) Compute coefficients of polynomial B	[             ]	(0.5951s x1.00 from start)
      (leave) Compute coefficients of polynomial B	[0.0000s x1.00]	(0.5951s x1.00 from start)
      (enter) Compute ZK-patch                   	[             ]	(0.5951s x1.00 from start)
      (leave) Compute ZK-patch                   	[0.0000s x1.06]	(0.5951s x1.00 from start)
      (enter) Compute evaluation of polynomial A on set T	[             ]	(0.5951s x1.00 from start)
      (leave) Compute evaluation of polynomial A on set T	[0.0000s x1.01]	(0.5952s x1.00 from start)
      (enter) Compute evaluation of polynomial B on set T	[             ]	(0.5952s x1.00 from start)
      (leave) Compute evaluation of polynomial B on set T	[0.0000s x1.00]	(0.5952s x1.00 from start)
      (enter) Compute evaluation of polynomial H on set T	[             ]	(0.5952s x1.00 from start)
        (enter) Compute evaluation of polynomial C on set S	[             ]	(0.5952s x1.00 from start)
        (leave) Compute evaluation of polynomial C on set S	[0.0000s x1.07]	(0.5952s x1.00 from start)
        (enter) Compute coefficients of polynomial C	[             ]	(0.5952s x1.00 from start)
        (leave) Compute coefficients of polynomial C	[0.0000s x1.01]	(0.5953s x1.00 from start)
        (enter) Compute evaluation of polynomial C on set T	[             ]	(0.5953s x1.00 from start)
        (leave) Compute evaluation of polynomial C on set T	[0.0000s x0.99]	(0.5953s x1.00 from start)
        (enter) Divide by Z on set T               	[             ]	(0.5953s x1.00 from start)
        (leave) Divide by Z on set T               	[0.0000s x1.04]	(0.5953s x1.00 from start)
      (leave) Compute evaluation of polynomial H on set T	[0.0001s x1.00]	(0.5953s x1.00 from start)
      (enter) Compute coefficients of polynomial H	[             ]	(0.5953s x1.00 from start)
      (leave) Compute coefficients of polynomial H	[0.0000s x1.00]	(0.5954s x1.00 from start)
      (enter) Compute sum of H and ZK-patch      	[             ]	(0.5954s x1.00 from start)
      (leave) Compute sum of H and ZK-patch      	[0.0000s x1.03]	(0.5954s x1.00 from start)
    (leave) Call to r1cs_to_qap_witness_map    	[0.0005s x1.00]	(0.5954s x1.00 from start)
  (leave) Compute the polynomial H           	[0.0005s x1.00]	(0.5954s x1.00 from start)
  (enter) Compute the proof                  	[             ]	(0.5994s x1.00 from start)
    (enter) Compute answer to A-query          	[             ]	(0.5994s x1.00 from start)
    (enter) Process scalar vector              	[             ]	(0.5994s x1.00 from start)
      * Elements of w skipped: 0 (0.00%)
      * Elements of w processed with special addition: 0 (0.00%)
      * Elements of w remaining: 48 (100.00%)
    (leave) Process scalar vector              	[0.0000s x1.06]	(0.5994s x1.00 from start)
    (leave) Compute answer to A-query          	[0.0045s x1.00]	(0.6039s x1.00 from start)
    (enter) Compute answer to B-query          	[             ]	(0.6039s x1.00 from start)
    (enter) Process scalar vector              	[             ]	(0.6039s x1.00 from start)
      * Elements of w skipped: 0 (0.00%)
      * Elements of w processed with special addition: 0 (0.00%)
      * Elements of w remaining: 51 (100.00%)
    (leave) Process scalar vector              	[0.0000s x1.04]	(0.6040s x1.00 from start)
    (leave) Compute answer to B-query          	[0.0136s x1.00]	(0.6175s x1.00 from start)
    (enter) Compute answer to C-query          	[             ]	(0.6176s x1.00 from start)
    (enter) Process scalar vector              	[             ]	(0.6176s x1.00 from start)
      * Elements of w skipped: 0 (0.00%)
      * Elements of w processed with special addition: 0 (0.00%)
      * Elements of w remaining: 50 (100.00%)
    (leave) Process scalar vector              	[0.0000s x1.02]	(0.6176s x1.00 from start)
    (leave) Compute answer to C-query          	[0.0046s x1.00]	(0.6221s x1.00 from start)
    (enter) Compute answer to H-query          	[             ]	(0.6222s x1.00 from start)
    (leave) Compute answer to H-query          	[0.0063s x1.00]	(0.6284s x1.00 from start)
    (enter) Compute answer to K-query          	[             ]	(0.6284s x1.00 from start)
    (enter) Process scalar vector              	[             ]	(0.6284s x1.00 from start)
      * Elements of w skipped: 0 (0.00%)
      * Elements of w processed with special addition: 0 (0.00%)
      * Elements of w remaining: 52 (100.00%)
    (leave) Process scalar vector              	[0.0000s x1.06]	(0.6285s x1.00 from start)
    (leave) Compute answer to K-query          	[0.0025s x1.00]	(0.6309s x1.00 from start)
  (leave) Compute the proof                  	[0.0316s x1.00]	(0.6309s x1.00 from start)
(leave) Call to r1cs_ppzksnark_prover      	[0.0360s x1.00]	(0.6309s x1.00 from start)
* G1 elements in proof: 7
* G2 elements in proof: 1
* Proof size in bits: 2690
(enter) Call to r1cs_ppzksnark_verifier_strong_IC	[             ]	(0.6309s x1.00 from start)
  (enter) Call to r1cs_ppzksnark_verifier_process_vk	[             ]	(0.6309s x1.00 from start)
    (enter) Call to mnt4_ate_precompute_G2     	[             ]	(0.6309s x1.00 from start)
    (leave) Call to mnt4_ate_precompute_G2     	[0.0009s x1.00]	(0.6318s x1.00 from start)
    (enter) Call to mnt4_ate_precompute_G2     	[             ]	(0.6318s x1.00 from start)
    (leave) Call to mnt4_ate_precompute_G2     	[0.0009s x1.00]	(0.6327s x1.00 from start)
    (enter) Call to mnt4_ate_precompute_G1     	[             ]	(0.6327s x1.00 from start)
    (leave) Call to mnt4_ate_precompute_G1     	[0.0000s x0.91]	(0.6328s x1.00 from start)
[...]

  (enter) Call to uscs_ppzksnark_verifier_process_vk	[             ]	(0.1409s x1.00 from start)
    (enter) Call to bn128_ate_precompute_G1    	[             ]	(0.1409s x1.00 from start)
    (leave) Call to bn128_ate_precompute_G1    	[0.0000s x0.98]	(0.1409s x1.00 from start)
    (enter) Call to bn128_ate_precompute_G2    	[             ]	(0.1409s x1.00 from start)
    (leave) Call to bn128_ate_precompute_G2    	[0.0001s x1.02]	(0.1410s x1.00 from start)
    (enter) Call to bn128_ate_precompute_G2    	[             ]	(0.1410s x1.00 from start)
    (leave) Call to bn128_ate_precompute_G2    	[0.0001s x1.00]	(0.1411s x1.00 from start)
    (enter) Call to bn128_ate_precompute_G2    	[             ]	(0.1411s x1.00 from start)
    (leave) Call to bn128_ate_precompute_G2    	[0.0001s x1.00]	(0.1412s x1.00 from start)
    (enter) Call to bn128_ate_precompute_G2    	[             ]	(0.1412s x1.00 from start)
    (leave) Call to bn128_ate_precompute_G2    	[0.0001s x1.00]	(0.1412s x1.00 from start)
    (enter) Call to miller_loop<bn128_pp>      	[             ]	(0.1412s x1.00 from start)
    (leave) Call to miller_loop<bn128_pp>      	[0.0001s x1.00]	(0.1414s x1.00 from start)
  (leave) Call to uscs_ppzksnark_verifier_process_vk	[0.0005s x1.00]	(0.1414s x1.00 from start)
  (enter) Test serialization of keys         	[             ]	(0.1414s x1.00 from start)
  (leave) Test serialization of keys         	[0.0735s x1.00]	(0.2149s x1.00 from start)

================================================================================
USCS ppzkSNARK Prover
================================================================================

  (enter) Call to uscs_ppzksnark_prover      	[             ]	(0.2149s x1.00 from start)
    (enter) Compute the polynomial H           	[             ]	(0.2150s x1.00 from start)
      (enter) Call to uscs_to_ssp_witness_map    	[             ]	(0.2150s x1.00 from start)
        (enter) Compute evaluation of polynomial V on set S	[             ]	(0.2150s x1.00 from start)
        (leave) Compute evaluation of polynomial V on set S	[0.0002s x1.00]	(0.2152s x1.00 from start)
        (enter) Compute coefficients of polynomial V	[             ]	(0.2152s x1.00 from start)
        (leave) Compute coefficients of polynomial V	[0.0005s x1.00]	(0.2157s x1.00 from start)
        (enter) Compute ZK-patch                   	[             ]	(0.2157s x1.00 from start)
        (leave) Compute ZK-patch                   	[0.0001s x1.00]	(0.2158s x1.00 from start)
        (enter) Compute evaluation of polynomial V on set T	[             ]	(0.2159s x1.00 from start)
        (leave) Compute evaluation of polynomial V on set T	[0.0005s x1.00]	(0.2164s x1.00 from start)
        (enter) Compute evaluation of polynomial H on set T	[             ]	(0.2164s x1.00 from start)
          (enter) Divide by Z on set T               	[             ]	(0.2165s x1.00 from start)
          (leave) Divide by Z on set T               	[0.0000s x1.01]	(0.2165s x1.00 from start)
        (leave) Compute evaluation of polynomial H on set T	[0.0001s x1.00]	(0.2165s x1.00 from start)
        (enter) Compute coefficients of polynomial H	[             ]	(0.2165s x1.00 from start)
        (leave) Compute coefficients of polynomial H	[0.0006s x1.00]	(0.2171s x1.00 from start)
        (enter) Compute sum of H and ZK-patch      	[             ]	(0.2171s x1.00 from start)
        (leave) Compute sum of H and ZK-patch      	[0.0000s x1.00]	(0.2171s x1.00 from start)
      (leave) Call to uscs_to_ssp_witness_map    	[0.0022s x1.00]	(0.2171s x1.00 from start)
    (leave) Compute the polynomial H           	[0.0022s x1.00]	(0.2171s x1.00 from start)
    (enter) Compute the proof                  	[             ]	(0.2175s x1.00 from start)
      (enter) Compute V_g1, the 1st component of the proof	[             ]	(0.2175s x1.00 from start)
      (enter) Process scalar vector              	[             ]	(0.2176s x1.00 from start)
        * Elements of w skipped: 486 (48.60%)
        * Elements of w processed with special addition: 514 (51.40%)
        * Elements of w remaining: 0 (0.00%)
      (leave) Process scalar vector              	[0.0002s x1.00]	(0.2178s x1.00 from start)
      (leave) Compute V_g1, the 1st component of the proof	[0.0002s x1.00]	(0.2178s x1.00 from start)
      (enter) Compute alpha_V_g1, the 2nd component of the proof	[             ]	(0.2178s x1.00 from start)
      (enter) Process scalar vector              	[             ]	(0.2178s x1.00 from start)
        * Elements of w skipped: 486 (48.60%)
        * Elements of w processed with special addition: 514 (51.40%)
        * Elements of w remaining: 0 (0.00%)
      (leave) Process scalar vector              	[0.0002s x1.00]	(0.2180s x1.00 from start)
      (leave) Compute alpha_V_g1, the 2nd component of the proof	[0.0002s x1.00]	(0.2180s x1.00 from start)
      (enter) Compute H_g1, the 3rd component of the proof	[             ]	(0.2180s x1.00 from start)
      (leave) Compute H_g1, the 3rd component of the proof	[0.0212s x1.00]	(0.2392s x1.00 from start)
      (enter) Compute V_g2, the 4th component of the proof	[             ]	(0.2392s x1.00 from start)
      (leave) Compute V_g2, the 4th component of the proof	[0.0007s x1.00]	(0.2399s x1.00 from start)
    (leave) Compute the proof                  	[0.0224s x1.00]	(0.2399s x1.00 from start)
  (leave) Call to uscs_ppzksnark_prover      	[0.0250s x1.00]	(0.2399s x1.00 from start)
  * G1 elements in proof: 3
  * G2 elements in proof: 1
  * Proof size in bits: 1274

  * Peak vsize (physical memory+swap) in mebibytes (after prover): 41
  (enter) Test serialization of proof        	[             ]	(0.2400s x1.00 from start)
  (leave) Test serialization of proof        	[0.0001s x1.00]	(0.2401s x1.00 from start)

================================================================================
USCS ppzkSNARK Verifier
================================================================================

  (enter) Call to uscs_ppzksnark_verifier_strong_IC	[             ]	(0.2401s x1.00 from start)
    (enter) Call to uscs_ppzksnark_verifier_process_vk	[             ]	(0.2401s x1.00 from start)
      (enter) Call to bn128_ate_precompute_G1    	[             ]	(0.2401s x1.00 from start)
      (leave) Call to bn128_ate_precompute_G1    	[0.0000s x1.04]	(0.2401s x1.00 from start)
      (enter) Call to bn128_ate_precompute_G2    	[             ]	(0.2401s x1.00 from start)
      (leave) Call to bn128_ate_precompute_G2    	[0.0001s x1.01]	(0.2401s x1.00 from start)
      (enter) Call to bn128_ate_precompute_G2    	[             ]	(0.2402s x1.00 from start)
      (leave) Call to bn128_ate_precompute_G2    	[0.0001s x1.00]	(0.2402s x1.00 from start)
      (enter) Call to bn128_ate_precompute_G2    	[             ]	(0.2402s x1.00 from start)
      (leave) Call to bn128_ate_precompute_G2    	[0.0001s x1.01]	(0.2403s x1.00 from start)
      (enter) Call to bn128_ate_precompute_G2    	[             ]	(0.2403s x1.00 from start)
      (leave) Call to bn128_ate_precompute_G2    	[0.0001s x1.00]	(0.2403s x1.00 from start)
      (enter) Call to miller_loop<bn128_pp>      	[             ]	(0.2403s x1.00 from start)
      (leave) Call to miller_loop<bn128_pp>      	[0.0001s x1.00]	(0.2405s x1.00 from start)
    (leave) Call to uscs_ppzksnark_verifier_process_vk	[0.0004s x1.00]	(0.2405s x1.00 from start)
    (enter) Call to uscs_ppzksnark_online_verifier_strong_IC	[             ]	(0.2405s x1.00 from start)
      (enter) Call to uscs_ppzksnark_online_verifier_weak_IC	[             ]	(0.2405s x1.00 from start)
        (enter) Compute input-dependent part of V  	[             ]	(0.2405s x1.00 from start)
        (leave) Compute input-dependent part of V  	[0.0000s x1.01]	(0.2405s x1.00 from start)
        (enter) Check if the proof is well-formed  	[             ]	(0.2405s x1.00 from start)
        (leave) Check if the proof is well-formed  	[0.0000s x1.14]	(0.2405s x1.00 from start)
        (enter) Online pairing computations        	[             ]	(0.2405s x1.00 from start)
          (enter) Check knowledge commitment for V is valid	[             ]	(0.2405s x1.00 from start)
            (enter) Call to bn128_ate_precompute_G1    	[             ]	(0.2405s x1.00 from start)
            (leave) Call to bn128_ate_precompute_G1    	[0.0000s x1.05]	(0.2405s x1.00 from start)
            (enter) Call to bn128_ate_precompute_G2    	[             ]	(0.2405s x1.00 from start)
            (leave) Call to bn128_ate_precompute_G2    	[0.0001s x1.00]	(0.2406s x1.00 from start)
            (enter) Call to miller_loop<bn128_pp>      	[             ]	(0.2406s x1.00 from start)
            (leave) Call to miller_loop<bn128_pp>      	[0.0001s x1.00]	(0.2407s x1.00 from start)
            (enter) Call to miller_loop<bn128_pp>      	[             ]	(0.2407s x1.00 from start)
            (leave) Call to miller_loop<bn128_pp>      	[0.0001s x1.00]	(0.2408s x1.00 from start)
            (enter) Call to bn128_final_exponentiation 	[             ]	(0.2409s x1.00 from start)
            (leave) Call to bn128_final_exponentiation 	[0.0002s x1.00]	(0.2411s x1.00 from start)
          (leave) Check knowledge commitment for V is valid	[0.0006s x1.00]	(0.2411s x1.00 from start)
          (enter) Check SSP divisibility             	[             ]	(0.2411s x1.00 from start)
            (enter) Call to bn128_ate_precompute_G1    	[             ]	(0.2411s x1.00 from start)
            (leave) Call to bn128_ate_precompute_G1    	[0.0000s x1.15]	(0.2411s x1.00 from start)
            (enter) Call to miller_loop<bn128_pp>      	[             ]	(0.2411s x1.00 from start)
            (leave) Call to miller_loop<bn128_pp>      	[0.0001s x1.00]	(0.2412s x1.00 from start)
            (enter) Call to miller_loop<bn128_pp>      	[             ]	(0.2412s x1.00 from start)
            (leave) Call to miller_loop<bn128_pp>      	[0.0001s x1.01]	(0.2414s x1.00 from start)
            (enter) Call to bn128_final_exponentiation 	[             ]	(0.2414s x1.00 from start)
            (leave) Call to bn128_final_exponentiation 	[0.0002s x1.00]	(0.2416s x1.00 from start)
          (leave) Check SSP divisibility             	[0.0005s x1.00]	(0.2416s x1.00 from start)
          (enter) Check same coefficients were used  	[             ]	(0.2416s x1.00 from start)
            (enter) Call to bn128_ate_precompute_G1    	[             ]	(0.2416s x1.00 from start)
            (leave) Call to bn128_ate_precompute_G1    	[0.0000s x1.08]	(0.2416s x1.00 from start)
            (enter) Call to bn128_ate_precompute_G1    	[             ]	(0.2416s x1.00 from start)
            (leave) Call to bn128_ate_precompute_G1    	[0.0000s x1.05]	(0.2416s x1.00 from start)
            (enter) Call to miller_loop<bn128_pp>      	[             ]	(0.2416s x1.00 from start)
            (leave) Call to miller_loop<bn128_pp>      	[0.0001s x1.00]	(0.2417s x1.00 from start)
            (enter) Call to miller_loop<bn128_pp>      	[             ]	(0.2417s x1.00 from start)
            (leave) Call to miller_loop<bn128_pp>      	[0.0001s x1.00]	(0.2418s x1.00 from start)
            (enter) Call to bn128_final_exponentiation 	[             ]	(0.2419s x1.00 from start)
            (leave) Call to bn128_final_exponentiation 	[0.0002s x1.00]	(0.2421s x1.00 from start)
          (leave) Check same coefficients were used  	[0.0005s x1.00]	(0.2421s x1.00 from start)
        (leave) Online pairing computations        	[0.0015s x1.00]	(0.2421s x1.00 from start)
      (leave) Call to uscs_ppzksnark_online_verifier_weak_IC	[0.0016s x1.00]	(0.2421s x1.00 from start)
    (leave) Call to uscs_ppzksnark_online_verifier_strong_IC	[0.0016s x1.00]	(0.2421s x1.00 from start)
  (leave) Call to uscs_ppzksnark_verifier_strong_IC	[0.0020s x1.00]	(0.2421s x1.00 from start)

  * Peak vsize (physical memory+swap) in mebibytes (after verifier): 41
* The verification result is: PASS

================================================================================
USCS ppzkSNARK Online Verifier
================================================================================

  (enter) Call to uscs_ppzksnark_online_verifier_strong_IC	[             ]	(0.2421s x1.00 from start)
    (enter) Call to uscs_ppzksnark_online_verifier_weak_IC	[             ]	(0.2421s x1.00 from start)
      (enter) Compute input-dependent part of V  	[             ]	(0.2421s x1.00 from start)
      (leave) Compute input-dependent part of V  	[0.0000s x1.01]	(0.2422s x1.00 from start)
      (enter) Check if the proof is well-formed  	[             ]	(0.2422s x1.00 from start)
      (leave) Check if the proof is well-formed  	[0.0000s x1.02]	(0.2422s x1.00 from start)
      (enter) Online pairing computations        	[             ]	(0.2422s x1.00 from start)
        (enter) Check knowledge commitment for V is valid	[             ]	(0.2422s x1.00 from start)
          (enter) Call to bn128_ate_precompute_G1    	[             ]	(0.2422s x1.00 from start)
          (leave) Call to bn128_ate_precompute_G1    	[0.0000s x1.06]	(0.2422s x1.00 from start)
          (enter) Call to bn128_ate_precompute_G2    	[             ]	(0.2422s x1.00 from start)
          (leave) Call to bn128_ate_precompute_G2    	[0.0001s x1.01]	(0.2422s x1.00 from start)
          (enter) Call to miller_loop<bn128_pp>      	[             ]	(0.2423s x1.00 from start)
          (leave) Call to miller_loop<bn128_pp>      	[0.0001s x1.00]	(0.2424s x1.00 from start)
          (enter) Call to miller_loop<bn128_pp>      	[             ]	(0.2424s x1.00 from start)
          (leave) Call to miller_loop<bn128_pp>      	[0.0001s x1.00]	(0.2425s x1.00 from start)
          (enter) Call to bn128_final_exponentiation 	[             ]	(0.2425s x1.00 from start)
          (leave) Call to bn128_final_exponentiation 	[0.0002s x1.00]	(0.2427s x1.00 from start)
        (leave) Check knowledge commitment for V is valid	[0.0006s x1.00]	(0.2427s x1.00 from start)
        (enter) Check SSP divisibility             	[             ]	(0.2427s x1.00 from start)
          (enter) Call to bn128_ate_precompute_G1    	[             ]	(0.2427s x1.00 from start)
          (leave) Call to bn128_ate_precompute_G1    	[0.0000s x1.13]	(0.2427s x1.00 from start)
          (enter) Call to miller_loop<bn128_pp>      	[             ]	(0.2427s x1.00 from start)
          (leave) Call to miller_loop<bn128_pp>      	[0.0001s x1.00]	(0.2429s x1.00 from start)
          (enter) Call to miller_loop<bn128_pp>      	[             ]	(0.2429s x1.00 from start)
          (leave) Call to miller_loop<bn128_pp>      	[0.0001s x1.00]	(0.2430s x1.00 from start)
          (enter) Call to bn128_final_exponentiation 	[             ]	(0.2430s x1.00 from start)
          (leave) Call to bn128_final_exponentiation 	[0.0002s x1.00]	(0.2432s x1.00 from start)
        (leave) Check SSP divisibility             	[0.0005s x1.00]	(0.2432s x1.00 from start)
        (enter) Check same coefficients were used  	[             ]	(0.2432s x1.00 from start)
          (enter) Call to bn128_ate_precompute_G1    	[             ]	(0.2432s x1.00 from start)
          (leave) Call to bn128_ate_precompute_G1    	[0.0000s x1.06]	(0.2432s x1.00 from start)
          (enter) Call to bn128_ate_precompute_G1    	[             ]	(0.2432s x1.00 from start)
          (leave) Call to bn128_ate_precompute_G1    	[0.0000s x1.05]	(0.2432s x1.00 from start)
          (enter) Call to miller_loop<bn128_pp>      	[             ]	(0.2432s x1.00 from start)
          (leave) Call to miller_loop<bn128_pp>      	[0.0001s x1.01]	(0.2433s x1.00 from start)
          (enter) Call to miller_loop<bn128_pp>      	[             ]	(0.2434s x1.00 from start)
          (leave) Call to miller_loop<bn128_pp>      	[0.0001s x1.00]	(0.2435s x1.00 from start)
          (enter) Call to bn128_final_exponentiation 	[             ]	(0.2435s x1.00 from start)
          (leave) Call to bn128_final_exponentiation 	[0.0002s x1.00]	(0.2437s x1.00 from start)
        (leave) Check same coefficients were used  	[0.0005s x1.00]	(0.2437s x1.00 from start)
      (leave) Online pairing computations        	[0.0015s x1.00]	(0.2437s x1.00 from start)
    (leave) Call to uscs_ppzksnark_online_verifier_weak_IC	[0.0016s x1.00]	(0.2437s x1.00 from start)
  (leave) Call to uscs_ppzksnark_online_verifier_strong_IC	[0.0016s x1.00]	(0.2437s x1.00 from start)
(leave) Call to run_uscs_ppzksnark         	[0.2433s x1.00]	(0.2437s x1.00 from start)

================================================================================
(leave) Test USCS ppzkSNARK
================================================================================

<end of output>
Test time =   0.25 sec
----------------------------------------------------------
Test Passed.
"zk_proof_systems_uscs_ppzksnark_test" end time: Mar 31 21:00 CST
"zk_proof_systems_uscs_ppzksnark_test" time elapsed: 00:00:00
----------------------------------------------------------

20/23 Testing: test_knapsack_gadget
20/23 Test: test_knapsack_gadget
Command: "/home/marrascout/libsnark/libsnark/build/libsnark/test_knapsack_gadget"
Directory: /home/marrascout/libsnark/libsnark/build/libsnark
"test_knapsack_gadget" start time: Mar 31 21:00 CST
Output:
----------------------------------------------------------
<end of output>
Test time =   0.00 sec
----------------------------------------------------------
Test Passed.
"test_knapsack_gadget" end time: Mar 31 21:00 CST
"test_knapsack_gadget" time elapsed: 00:00:00
----------------------------------------------------------

21/23 Testing: test_merkle_tree_gadgets
21/23 Test: test_merkle_tree_gadgets
Command: "/home/marrascout/libsnark/libsnark/build/libsnark/test_merkle_tree_gadgets"
Directory: /home/marrascout/libsnark/libsnark/build/libsnark
"test_merkle_tree_gadgets" start time: Mar 31 21:00 CST
Output:
----------------------------------------------------------
Reset time counters for profiling
<end of output>
Test time =   9.79 sec
----------------------------------------------------------
Test Passed.
"test_merkle_tree_gadgets" end time: Mar 31 21:00 CST
"test_merkle_tree_gadgets" time elapsed: 00:00:09
----------------------------------------------------------

22/23 Testing: test_set_commitment_gadget
22/23 Test: test_set_commitment_gadget
Command: "/home/marrascout/libsnark/libsnark/build/libsnark/test_set_commitment_gadget"
Directory: /home/marrascout/libsnark/libsnark/build/libsnark
"test_set_commitment_gadget" start time: Mar 31 21:00 CST
Output:
----------------------------------------------------------
Reset time counters for profiling
membership tests OK
non-membership test OK
membership tests OK
non-membership test OK
membership tests OK
non-membership test OK
membership tests OK
non-membership test OK
membership tests OK
non-membership test OK
membership tests OK
non-membership test OK
membership tests OK
non-membership test OK
membership tests OK
non-membership test OK
<end of output>
Test time =   7.85 sec
----------------------------------------------------------
Test Passed.
"test_set_commitment_gadget" end time: Mar 31 21:01 CST
"test_set_commitment_gadget" time elapsed: 00:00:07
----------------------------------------------------------

23/23 Testing: test_sha256_gadget
23/23 Test: test_sha256_gadget
Command: "/home/marrascout/libsnark/libsnark/build/libsnark/test_sha256_gadget"
Directory: /home/marrascout/libsnark/libsnark/build/libsnark
"test_sha256_gadget" start time: Mar 31 21:01 CST
Output:
----------------------------------------------------------
Reset time counters for profiling
Number of constraints for sha256_two_to_one_hash_gadget: 27280
<end of output>
Test time =   0.04 sec
----------------------------------------------------------
Test Passed.
"test_sha256_gadget" end time: Mar 31 21:01 CST
"test_sha256_gadget" time elapsed: 00:00:00
----------------------------------------------------------

End testing: Mar 31 21:01 CST
